<?xml version="1.0" encoding="UTF-8"?>
<coverage generated="1767521820198" clover="3.2.0">
  <project timestamp="1767521820198" name="All files">
    <metrics statements="259" coveredstatements="232" conditionals="157" coveredconditionals="93" methods="75" coveredmethods="58" elements="491" coveredelements="383" complexity="0" loc="259" ncloc="259" packages="3" files="9" classes="9"/>
    <package name="config">
      <metrics statements="6" coveredstatements="5" conditionals="26" coveredconditionals="16" methods="0" coveredmethods="0"/>
      <file name="index.ts" path="/Users/jolly_app/projects/Trader-Note-Build-Ai/src/config/index.ts">
        <metrics statements="6" coveredstatements="5" conditionals="26" coveredconditionals="16" methods="0" coveredmethods="0"/>
        <line num="1" count="2" type="stmt"/>
        <line num="3" count="2" type="stmt"/>
        <line num="10" count="2" type="stmt"/>
        <line num="11" count="2" type="cond" truecount="0" falsecount="1"/>
        <line num="12" count="0" type="stmt"/>
        <line num="15" count="2" type="stmt"/>
      </file>
    </package>
    <package name="side-b.models">
      <metrics statements="165" coveredstatements="149" conditionals="77" coveredconditionals="53" methods="61" coveredmethods="44"/>
      <file name="featureVector.ts" path="/Users/jolly_app/projects/Trader-Note-Build-Ai/src/side-b/models/featureVector.ts">
        <metrics statements="30" coveredstatements="25" conditionals="19" coveredconditionals="6" methods="6" coveredmethods="5"/>
        <line num="59" count="52" type="cond" truecount="3" falsecount="0"/>
        <line num="65" count="4" type="stmt"/>
        <line num="66" count="7" type="stmt"/>
        <line num="67" count="7" type="stmt"/>
        <line num="74" count="7" type="stmt"/>
        <line num="75" count="52" type="cond" truecount="1" falsecount="0"/>
        <line num="76" count="3" type="stmt"/>
        <line num="80" count="4" type="stmt"/>
        <line num="90" count="4" type="stmt"/>
        <line num="91" count="5" type="stmt"/>
        <line num="111" count="4" type="stmt"/>
        <line num="115" count="2" type="stmt"/>
        <line num="116" count="2" type="stmt"/>
        <line num="119" count="2" type="stmt"/>
        <line num="120" count="2" type="stmt"/>
        <line num="121" count="2" type="stmt"/>
        <line num="123" count="2" type="stmt"/>
        <line num="124" count="24" type="stmt"/>
        <line num="125" count="24" type="stmt"/>
        <line num="126" count="24" type="stmt"/>
        <line num="130" count="2" type="cond" truecount="2" falsecount="1"/>
        <line num="131" count="0" type="stmt"/>
        <line num="134" count="2" type="stmt"/>
        <line num="140" count="4" type="stmt"/>
        <line num="141" count="3" type="stmt"/>
        <line num="160" count="4" type="stmt"/>
        <line num="161" count="0" type="cond" truecount="0" falsecount="4"/>
        <line num="162" count="0" type="cond" truecount="0" falsecount="4"/>
        <line num="163" count="0" type="cond" truecount="0" falsecount="4"/>
        <line num="165" count="0" type="stmt"/>
      </file>
      <file name="index.ts" path="/Users/jolly_app/projects/Trader-Note-Build-Ai/src/side-b/models/index.ts">
        <metrics statements="33" coveredstatements="33" conditionals="0" coveredconditionals="0" methods="28" coveredmethods="19"/>
        <line num="12" count="4" type="stmt"/>
        <line num="14" count="8" type="stmt"/>
        <line num="15" count="5" type="stmt"/>
        <line num="16" count="6" type="stmt"/>
        <line num="17" count="7" type="stmt"/>
        <line num="18" count="4" type="stmt"/>
        <line num="22" count="4" type="stmt"/>
        <line num="28" count="8" type="stmt"/>
        <line num="29" count="4" type="stmt"/>
        <line num="30" count="6" type="stmt"/>
        <line num="31" count="11" type="stmt"/>
        <line num="35" count="4" type="stmt"/>
        <line num="50" count="12" type="stmt"/>
        <line num="51" count="4" type="stmt"/>
        <line num="52" count="4" type="stmt"/>
        <line num="53" count="9" type="stmt"/>
        <line num="54" count="4" type="stmt"/>
        <line num="55" count="6" type="stmt"/>
        <line num="56" count="4" type="stmt"/>
        <line num="57" count="8" type="stmt"/>
        <line num="58" count="4" type="stmt"/>
        <line num="62" count="4" type="stmt"/>
        <line num="73" count="10" type="stmt"/>
        <line num="74" count="9" type="stmt"/>
        <line num="75" count="9" type="stmt"/>
        <line num="76" count="10" type="stmt"/>
        <line num="77" count="10" type="stmt"/>
        <line num="81" count="4" type="stmt"/>
        <line num="87" count="4" type="stmt"/>
        <line num="88" count="7" type="stmt"/>
        <line num="89" count="9" type="stmt"/>
        <line num="90" count="8" type="stmt"/>
        <line num="91" count="4" type="stmt"/>
      </file>
      <file name="marketResearch.ts" path="/Users/jolly_app/projects/Trader-Note-Build-Ai/src/side-b/models/marketResearch.ts">
        <metrics statements="14" coveredstatements="14" conditionals="2" coveredconditionals="2" methods="3" coveredmethods="3"/>
        <line num="13" count="4" type="stmt"/>
        <line num="96" count="4" type="stmt"/>
        <line num="97" count="4" type="stmt"/>
        <line num="100" count="4" type="cond" truecount="1" falsecount="0"/>
        <line num="101" count="1" type="stmt"/>
        <line num="105" count="3" type="stmt"/>
        <line num="107" count="3" type="stmt"/>
        <line num="119" count="4" type="stmt"/>
        <line num="124" count="4" type="stmt"/>
        <line num="125" count="2" type="stmt"/>
        <line num="131" count="4" type="cond" truecount="1" falsecount="0"/>
        <line num="132" count="7" type="stmt"/>
        <line num="133" count="7" type="stmt"/>
        <line num="134" count="7" type="stmt"/>
      </file>
      <file name="tradePlan.ts" path="/Users/jolly_app/projects/Trader-Note-Build-Ai/src/side-b/models/tradePlan.ts">
        <metrics statements="44" coveredstatements="34" conditionals="31" coveredconditionals="24" methods="10" coveredmethods="4"/>
        <line num="207" count="4" type="stmt"/>
        <line num="214" count="4" type="stmt"/>
        <line num="215" count="8" type="stmt"/>
        <line num="218" count="8" type="cond" truecount="3" falsecount="1"/>
        <line num="219" count="0" type="stmt"/>
        <line num="222" count="8" type="stmt"/>
        <line num="225" count="8" type="cond" truecount="1" falsecount="0"/>
        <line num="226" count="1" type="stmt"/>
        <line num="230" count="7" type="stmt"/>
        <line num="231" count="7" type="cond" truecount="3" falsecount="0"/>
        <line num="232" count="2" type="stmt"/>
        <line num="236" count="5" type="stmt"/>
        <line num="237" count="5" type="cond" truecount="4" falsecount="0"/>
        <line num="238" count="1" type="stmt"/>
        <line num="242" count="4" type="stmt"/>
        <line num="243" count="4" type="stmt"/>
        <line num="244" count="4" type="cond" truecount="5" falsecount="1"/>
        <line num="245" count="0" type="stmt"/>
        <line num="247" count="4" type="cond" truecount="1" falsecount="2"/>
        <line num="248" count="0" type="stmt"/>
        <line num="252" count="4" type="stmt"/>
        <line num="267" count="4" type="stmt"/>
        <line num="268" count="0" type="stmt"/>
        <line num="277" count="4" type="stmt"/>
        <line num="281" count="0" type="stmt"/>
        <line num="287" count="4" type="stmt"/>
        <line num="288" count="5" type="cond" truecount="1" falsecount="0"/>
        <line num="289" count="4" type="cond" truecount="1" falsecount="0"/>
        <line num="290" count="3" type="cond" truecount="1" falsecount="0"/>
        <line num="291" count="2" type="cond" truecount="1" falsecount="0"/>
        <line num="292" count="1" type="stmt"/>
        <line num="298" count="4" type="stmt"/>
        <line num="299" count="0" type="stmt"/>
        <line num="304" count="0" type="stmt"/>
        <line num="310" count="4" type="stmt"/>
        <line num="311" count="2" type="cond" truecount="2" falsecount="0"/>
        <line num="317" count="4" type="stmt"/>
        <line num="318" count="0" type="cond" truecount="0" falsecount="2"/>
        <line num="324" count="4" type="stmt"/>
        <line num="325" count="4" type="stmt"/>
        <line num="333" count="4" type="stmt"/>
        <line num="339" count="4" type="stmt"/>
        <line num="340" count="0" type="stmt"/>
        <line num="348" count="0" type="stmt"/>
      </file>
      <file name="virtualPortfolio.ts" path="/Users/jolly_app/projects/Trader-Note-Build-Ai/src/side-b/models/virtualPortfolio.ts">
        <metrics statements="24" coveredstatements="23" conditionals="11" coveredconditionals="7" methods="9" coveredmethods="8"/>
        <line num="48" count="4" type="stmt"/>
        <line num="85" count="4" type="stmt"/>
        <line num="154" count="4" type="stmt"/>
        <line num="158" count="5" type="cond" truecount="1" falsecount="0"/>
        <line num="159" count="1" type="stmt"/>
        <line num="166" count="10" type="stmt"/>
        <line num="167" count="10" type="stmt"/>
        <line num="169" count="5" type="stmt"/>
        <line num="170" count="5" type="stmt"/>
        <line num="172" count="5" type="stmt"/>
        <line num="173" count="5" type="stmt"/>
        <line num="176" count="4" type="stmt"/>
        <line num="177" count="4" type="stmt"/>
        <line num="178" count="4" type="stmt"/>
        <line num="179" count="4" type="stmt"/>
        <line num="180" count="10" type="stmt"/>
        <line num="181" count="10" type="cond" truecount="1" falsecount="0"/>
        <line num="182" count="10" type="stmt"/>
        <line num="183" count="10" type="cond" truecount="1" falsecount="0"/>
        <line num="186" count="4" type="stmt"/>
        <line num="210" count="4" type="stmt"/>
        <line num="214" count="4" type="stmt"/>
        <line num="224" count="4" type="stmt"/>
        <line num="228" count="0" type="stmt"/>
      </file>
      <file name="virtualTrade.ts" path="/Users/jolly_app/projects/Trader-Note-Build-Ai/src/side-b/models/virtualTrade.ts">
        <metrics statements="20" coveredstatements="20" conditionals="14" coveredconditionals="14" methods="5" coveredmethods="5"/>
        <line num="177" count="4" type="stmt"/>
        <line num="183" count="6" type="cond" truecount="2" falsecount="0"/>
        <line num="185" count="3" type="cond" truecount="1" falsecount="0"/>
        <line num="186" count="2" type="cond" truecount="1" falsecount="0"/>
        <line num="189" count="3" type="cond" truecount="1" falsecount="0"/>
        <line num="190" count="2" type="cond" truecount="1" falsecount="0"/>
        <line num="192" count="2" type="stmt"/>
        <line num="204" count="4" type="stmt"/>
        <line num="211" count="5" type="cond" truecount="2" falsecount="0"/>
        <line num="212" count="3" type="stmt"/>
        <line num="214" count="2" type="stmt"/>
        <line num="227" count="4" type="stmt"/>
        <line num="233" count="5" type="cond" truecount="2" falsecount="0"/>
        <line num="237" count="5" type="stmt"/>
        <line num="238" count="5" type="stmt"/>
        <line num="240" count="5" type="stmt"/>
        <line num="249" count="4" type="stmt"/>
        <line num="250" count="6" type="cond" truecount="2" falsecount="0"/>
        <line num="256" count="4" type="stmt"/>
        <line num="257" count="6" type="stmt"/>
      </file>
    </package>
    <package name="side-b.services">
      <metrics statements="88" coveredstatements="78" conditionals="54" coveredconditionals="24" methods="14" coveredmethods="14"/>
      <file name="planAIService.ts" path="/Users/jolly_app/projects/Trader-Note-Build-Ai/src/side-b/services/planAIService.ts">
        <metrics statements="41" coveredstatements="36" conditionals="23" coveredconditionals="16" methods="5" coveredmethods="5"/>
        <line num="21" count="1" type="stmt"/>
        <line num="22" count="1" type="stmt"/>
        <line num="67" count="1" type="stmt"/>
        <line num="73" count="7" type="cond" truecount="2" falsecount="0"/>
        <line num="74" count="7" type="stmt"/>
        <line num="75" count="7" type="cond" truecount="1" falsecount="1"/>
        <line num="82" count="5" type="cond" truecount="1" falsecount="0"/>
        <line num="83" count="1" type="stmt"/>
        <line num="84" count="1" type="stmt"/>
        <line num="87" count="4" type="stmt"/>
        <line num="88" count="4" type="stmt"/>
        <line num="89" count="4" type="stmt"/>
        <line num="92" count="3" type="stmt"/>
        <line num="94" count="3" type="stmt"/>
        <line num="100" count="1" type="stmt"/>
        <line num="103" count="1" type="stmt"/>
        <line num="104" count="2" type="stmt"/>
        <line num="105" count="2" type="stmt"/>
        <line num="106" count="2" type="stmt"/>
        <line num="107" count="2" type="stmt"/>
        <line num="108" count="0" type="stmt"/>
        <line num="110" count="0" type="stmt"/>
        <line num="116" count="2" type="stmt"/>
        <line num="121" count="1" type="stmt"/>
        <line num="129" count="6" type="stmt"/>
        <line num="130" count="6" type="stmt"/>
        <line num="131" count="6" type="stmt"/>
        <line num="133" count="6" type="stmt"/>
        <line num="247" count="6" type="stmt"/>
        <line num="279" count="3" type="cond" truecount="0" falsecount="1"/>
        <line num="280" count="0" type="stmt"/>
        <line num="281" count="0" type="stmt"/>
        <line num="284" count="3" type="stmt"/>
        <line num="290" count="3" type="stmt"/>
        <line num="291" count="3" type="cond" truecount="0" falsecount="1"/>
        <line num="292" count="0" type="stmt"/>
        <line num="296" count="3" type="stmt"/>
        <line num="298" count="3" type="stmt"/>
        <line num="309" count="2" type="stmt"/>
        <line num="329" count="2" type="stmt"/>
        <line num="338" count="1" type="stmt"/>
      </file>
      <file name="researchAIService.ts" path="/Users/jolly_app/projects/Trader-Note-Build-Ai/src/side-b/services/researchAIService.ts">
        <metrics statements="47" coveredstatements="42" conditionals="31" coveredconditionals="8" methods="9" coveredmethods="9"/>
        <line num="14" count="1" type="stmt"/>
        <line num="15" count="1" type="stmt"/>
        <line num="80" count="1" type="stmt"/>
        <line num="86" count="7" type="cond" truecount="2" falsecount="0"/>
        <line num="87" count="7" type="stmt"/>
        <line num="88" count="7" type="cond" truecount="1" falsecount="1"/>
        <line num="96" count="5" type="stmt"/>
        <line num="98" count="5" type="cond" truecount="1" falsecount="0"/>
        <line num="99" count="1" type="stmt"/>
        <line num="100" count="1" type="stmt"/>
        <line num="103" count="4" type="stmt"/>
        <line num="104" count="4" type="stmt"/>
        <line num="105" count="4" type="stmt"/>
        <line num="108" count="2" type="stmt"/>
        <line num="110" count="2" type="stmt"/>
        <line num="118" count="2" type="stmt"/>
        <line num="121" count="2" type="stmt"/>
        <line num="122" count="4" type="stmt"/>
        <line num="123" count="4" type="stmt"/>
        <line num="124" count="4" type="stmt"/>
        <line num="125" count="4" type="stmt"/>
        <line num="126" count="0" type="stmt"/>
        <line num="128" count="0" type="stmt"/>
        <line num="136" count="4" type="stmt"/>
        <line num="141" count="2" type="stmt"/>
        <line num="149" count="5" type="stmt"/>
        <line num="150" count="5" type="cond" truecount="1" falsecount="1"/>
        <line num="152" count="15" type="stmt"/>
        <line num="153" count="15" type="stmt"/>
        <line num="154" count="15" type="stmt"/>
        <line num="156" count="5" type="stmt"/>
        <line num="169" count="8" type="stmt"/>
        <line num="171" count="8" type="stmt"/>
        <line num="226" count="8" type="stmt"/>
        <line num="255" count="5" type="cond" truecount="0" falsecount="1"/>
        <line num="256" count="0" type="stmt"/>
        <line num="257" count="0" type="stmt"/>
        <line num="260" count="5" type="stmt"/>
        <line num="266" count="5" type="stmt"/>
        <line num="267" count="5" type="cond" truecount="0" falsecount="1"/>
        <line num="268" count="0" type="stmt"/>
        <line num="272" count="5" type="stmt"/>
        <line num="274" count="2" type="stmt"/>
        <line num="286" count="3" type="stmt"/>
        <line num="303" count="3" type="stmt"/>
        <line num="305" count="3" type="stmt"/>
        <line num="316" count="1" type="stmt"/>
      </file>
    </package>
  </project>
</coverage>
