{"/Users/jolly_app/projects/Trader-Note-Build-Ai/src/config/index.ts": {"path":"/Users/jolly_app/projects/Trader-Note-Build-Ai/src/config/index.ts","statementMap":{"0":{"start":{"line":1,"column":0},"end":{"line":1,"column":28}},"1":{"start":{"line":3,"column":0},"end":{"line":3,"column":16}},"2":{"start":{"line":10,"column":20},"end":{"line":10,"column":44}},"3":{"start":{"line":11,"column":0},"end":{"line":13,"column":1}},"4":{"start":{"line":12,"column":2},"end":{"line":12,"column":46}},"5":{"start":{"line":15,"column":13},"end":{"line":50,"column":2}}},"fnMap":{},"branchMap":{"0":{"loc":{"start":{"line":11,"column":0},"end":{"line":13,"column":1}},"type":"if","locations":[{"start":{"line":11,"column":0},"end":{"line":13,"column":1}}]},"1":{"loc":{"start":{"line":18,"column":19},"end":{"line":18,"column":73}},"type":"binary-expr","locations":[{"start":{"line":18,"column":19},"end":{"line":18,"column":43}},{"start":{"line":18,"column":47},"end":{"line":18,"column":63}},{"start":{"line":18,"column":67},"end":{"line":18,"column":73}}]},"2":{"loc":{"start":{"line":19,"column":9},"end":{"line":19,"column":46}},"type":"binary-expr","locations":[{"start":{"line":19,"column":9},"end":{"line":19,"column":29}},{"start":{"line":19,"column":33},"end":{"line":19,"column":46}}]},"3":{"loc":{"start":{"line":28,"column":12},"end":{"line":28,"column":40}},"type":"binary-expr","locations":[{"start":{"line":28,"column":12},"end":{"line":28,"column":34}},{"start":{"line":28,"column":38},"end":{"line":28,"column":40}}]},"4":{"loc":{"start":{"line":29,"column":11},"end":{"line":29,"column":47}},"type":"binary-expr","locations":[{"start":{"line":29,"column":11},"end":{"line":29,"column":31}},{"start":{"line":29,"column":35},"end":{"line":29,"column":47}}]},"5":{"loc":{"start":{"line":30,"column":13},"end":{"line":30,"column":67}},"type":"binary-expr","locations":[{"start":{"line":30,"column":13},"end":{"line":30,"column":36}},{"start":{"line":30,"column":40},"end":{"line":30,"column":67}}]},"6":{"loc":{"start":{"line":33,"column":12},"end":{"line":33,"column":44}},"type":"binary-expr","locations":[{"start":{"line":33,"column":12},"end":{"line":33,"column":38}},{"start":{"line":33,"column":42},"end":{"line":33,"column":44}}]},"7":{"loc":{"start":{"line":34,"column":12},"end":{"line":34,"column":44}},"type":"binary-expr","locations":[{"start":{"line":34,"column":12},"end":{"line":34,"column":38}},{"start":{"line":34,"column":42},"end":{"line":34,"column":44}}]},"8":{"loc":{"start":{"line":37,"column":26},"end":{"line":37,"column":63}},"type":"binary-expr","locations":[{"start":{"line":37,"column":26},"end":{"line":37,"column":53}},{"start":{"line":37,"column":57},"end":{"line":37,"column":63}}]},"9":{"loc":{"start":{"line":38,"column":35},"end":{"line":38,"column":77}},"type":"binary-expr","locations":[{"start":{"line":38,"column":35},"end":{"line":38,"column":69}},{"start":{"line":38,"column":73},"end":{"line":38,"column":77}}]},"10":{"loc":{"start":{"line":41,"column":13},"end":{"line":41,"column":52}},"type":"binary-expr","locations":[{"start":{"line":41,"column":13},"end":{"line":41,"column":46}},{"start":{"line":41,"column":50},"end":{"line":41,"column":52}}]},"11":{"loc":{"start":{"line":43,"column":18},"end":{"line":44,"column":59}},"type":"binary-expr","locations":[{"start":{"line":43,"column":18},"end":{"line":43,"column":55}},{"start":{"line":44,"column":7},"end":{"line":44,"column":58}}]},"12":{"loc":{"start":{"line":44,"column":7},"end":{"line":44,"column":58}},"type":"cond-expr","locations":[{"start":{"line":44,"column":47},"end":{"line":44,"column":51}},{"start":{"line":44,"column":54},"end":{"line":44,"column":58}}]}},"s":{"0":2,"1":2,"2":2,"3":2,"4":0,"5":2},"f":{},"b":{"0":[0],"1":[2,2,0],"2":[2,0],"3":[2,0],"4":[2,0],"5":[2,2],"6":[2,0],"7":[2,0],"8":[2,0],"9":[2,0],"10":[2,2],"11":[2,2],"12":[0,2]}}
,"/Users/jolly_app/projects/Trader-Note-Build-Ai/src/side-b/models/featureVector.ts": {"path":"/Users/jolly_app/projects/Trader-Note-Build-Ai/src/side-b/models/featureVector.ts","statementMap":{"0":{"start":{"line":65,"column":0},"end":{"line":65,"column":16}},"1":{"start":{"line":90,"column":0},"end":{"line":90,"column":16}},"2":{"start":{"line":111,"column":0},"end":{"line":111,"column":16}},"3":{"start":{"line":140,"column":0},"end":{"line":140,"column":16}},"4":{"start":{"line":160,"column":0},"end":{"line":160,"column":16}},"5":{"start":{"line":59,"column":2},"end":{"line":59,"column":65}},"6":{"start":{"line":66,"column":17},"end":{"line":66,"column":48}},"7":{"start":{"line":67,"column":43},"end":{"line":72,"column":4}},"8":{"start":{"line":74,"column":2},"end":{"line":78,"column":3}},"9":{"start":{"line":75,"column":4},"end":{"line":77,"column":5}},"10":{"start":{"line":76,"column":6},"end":{"line":76,"column":62}},"11":{"start":{"line":80,"column":2},"end":{"line":80,"column":47}},"12":{"start":{"line":91,"column":2},"end":{"line":104,"column":4}},"13":{"start":{"line":115,"column":12},"end":{"line":115,"column":41}},"14":{"start":{"line":116,"column":12},"end":{"line":116,"column":41}},"15":{"start":{"line":119,"column":19},"end":{"line":119,"column":20}},"16":{"start":{"line":120,"column":14},"end":{"line":120,"column":15}},"17":{"start":{"line":121,"column":14},"end":{"line":121,"column":15}},"18":{"start":{"line":123,"column":2},"end":{"line":127,"column":3}},"19":{"start":{"line":123,"column":15},"end":{"line":123,"column":16}},"20":{"start":{"line":124,"column":4},"end":{"line":124,"column":30}},"21":{"start":{"line":125,"column":4},"end":{"line":125,"column":25}},"22":{"start":{"line":126,"column":4},"end":{"line":126,"column":25}},"23":{"start":{"line":130,"column":2},"end":{"line":132,"column":3}},"24":{"start":{"line":131,"column":4},"end":{"line":131,"column":13}},"25":{"start":{"line":134,"column":2},"end":{"line":134,"column":60}},"26":{"start":{"line":141,"column":2},"end":{"line":154,"column":4}},"27":{"start":{"line":161,"column":16},"end":{"line":161,"column":93}},"28":{"start":{"line":162,"column":19},"end":{"line":162,"column":94}},"29":{"start":{"line":163,"column":21},"end":{"line":163,"column":96}},"30":{"start":{"line":165,"column":2},"end":{"line":165,"column":87}}},"fnMap":{"0":{"name":"isValidScore","decl":{"start":{"line":58,"column":9},"end":{"line":58,"column":21}},"loc":{"start":{"line":58,"column":35},"end":{"line":60,"column":1}}},"1":{"name":"validateFeatureVector","decl":{"start":{"line":65,"column":16},"end":{"line":65,"column":37}},"loc":{"start":{"line":65,"column":51},"end":{"line":81,"column":1}}},"2":{"name":"featureVectorToArray","decl":{"start":{"line":90,"column":16},"end":{"line":90,"column":36}},"loc":{"start":{"line":90,"column":61},"end":{"line":105,"column":1}}},"3":{"name":"calculateCosineSimilarity","decl":{"start":{"line":111,"column":16},"end":{"line":111,"column":41}},"loc":{"start":{"line":113,"column":27},"end":{"line":135,"column":1}}},"4":{"name":"createEmptyFeatureVector","decl":{"start":{"line":140,"column":16},"end":{"line":140,"column":40}},"loc":{"start":{"line":140,"column":40},"end":{"line":155,"column":1}}},"5":{"name":"summarizeFeatureVector","decl":{"start":{"line":160,"column":16},"end":{"line":160,"column":38}},"loc":{"start":{"line":160,"column":63},"end":{"line":166,"column":1}}}},"branchMap":{"0":{"loc":{"start":{"line":59,"column":9},"end":{"line":59,"column":64}},"type":"binary-expr","locations":[{"start":{"line":59,"column":9},"end":{"line":59,"column":34}},{"start":{"line":59,"column":38},"end":{"line":59,"column":48}},{"start":{"line":59,"column":52},"end":{"line":59,"column":64}}]},"1":{"loc":{"start":{"line":75,"column":4},"end":{"line":77,"column":5}},"type":"if","locations":[{"start":{"line":75,"column":4},"end":{"line":77,"column":5}}]},"2":{"loc":{"start":{"line":130,"column":2},"end":{"line":132,"column":3}},"type":"if","locations":[{"start":{"line":130,"column":2},"end":{"line":132,"column":3}}]},"3":{"loc":{"start":{"line":130,"column":6},"end":{"line":130,"column":32}},"type":"binary-expr","locations":[{"start":{"line":130,"column":6},"end":{"line":130,"column":17}},{"start":{"line":130,"column":21},"end":{"line":130,"column":32}}]},"4":{"loc":{"start":{"line":161,"column":16},"end":{"line":161,"column":93}},"type":"cond-expr","locations":[{"start":{"line":161,"column":45},"end":{"line":161,"column":49}},{"start":{"line":161,"column":52},"end":{"line":161,"column":93}}]},"5":{"loc":{"start":{"line":161,"column":52},"end":{"line":161,"column":93}},"type":"cond-expr","locations":[{"start":{"line":161,"column":81},"end":{"line":161,"column":85}},{"start":{"line":161,"column":88},"end":{"line":161,"column":93}}]},"6":{"loc":{"start":{"line":162,"column":19},"end":{"line":162,"column":94}},"type":"cond-expr","locations":[{"start":{"line":162,"column":47},"end":{"line":162,"column":51}},{"start":{"line":162,"column":54},"end":{"line":162,"column":94}}]},"7":{"loc":{"start":{"line":162,"column":54},"end":{"line":162,"column":94}},"type":"cond-expr","locations":[{"start":{"line":162,"column":82},"end":{"line":162,"column":86}},{"start":{"line":162,"column":89},"end":{"line":162,"column":94}}]},"8":{"loc":{"start":{"line":163,"column":21},"end":{"line":163,"column":96}},"type":"cond-expr","locations":[{"start":{"line":163,"column":51},"end":{"line":163,"column":54}},{"start":{"line":163,"column":57},"end":{"line":163,"column":96}}]},"9":{"loc":{"start":{"line":163,"column":57},"end":{"line":163,"column":96}},"type":"cond-expr","locations":[{"start":{"line":163,"column":87},"end":{"line":163,"column":90}},{"start":{"line":163,"column":93},"end":{"line":163,"column":96}}]}},"s":{"0":4,"1":4,"2":4,"3":4,"4":4,"5":52,"6":7,"7":7,"8":7,"9":52,"10":3,"11":4,"12":5,"13":2,"14":2,"15":2,"16":2,"17":2,"18":2,"19":2,"20":24,"21":24,"22":24,"23":2,"24":0,"25":2,"26":3,"27":0,"28":0,"29":0,"30":0},"f":{"0":52,"1":7,"2":5,"3":2,"4":3,"5":0},"b":{"0":[52,51,50],"1":[3],"2":[0],"3":[2,2],"4":[0,0],"5":[0,0],"6":[0,0],"7":[0,0],"8":[0,0],"9":[0,0]}}
,"/Users/jolly_app/projects/Trader-Note-Build-Ai/src/side-b/models/index.ts": {"path":"/Users/jolly_app/projects/Trader-Note-Build-Ai/src/side-b/models/index.ts","statementMap":{"0":{"start":{"line":12,"column":0},"end":{"line":12,"column":null}},"1":{"start":{"line":14,"column":2},"end":{"line":14,"column":null}},"2":{"start":{"line":15,"column":2},"end":{"line":15,"column":null}},"3":{"start":{"line":16,"column":2},"end":{"line":16,"column":null}},"4":{"start":{"line":17,"column":2},"end":{"line":17,"column":null}},"5":{"start":{"line":18,"column":2},"end":{"line":18,"column":null}},"6":{"start":{"line":22,"column":0},"end":{"line":22,"column":null}},"7":{"start":{"line":28,"column":2},"end":{"line":28,"column":null}},"8":{"start":{"line":29,"column":2},"end":{"line":29,"column":null}},"9":{"start":{"line":30,"column":2},"end":{"line":30,"column":null}},"10":{"start":{"line":31,"column":2},"end":{"line":31,"column":null}},"11":{"start":{"line":35,"column":0},"end":{"line":35,"column":null}},"12":{"start":{"line":50,"column":2},"end":{"line":50,"column":null}},"13":{"start":{"line":51,"column":2},"end":{"line":51,"column":null}},"14":{"start":{"line":52,"column":2},"end":{"line":52,"column":null}},"15":{"start":{"line":53,"column":2},"end":{"line":53,"column":null}},"16":{"start":{"line":54,"column":2},"end":{"line":54,"column":null}},"17":{"start":{"line":55,"column":2},"end":{"line":55,"column":null}},"18":{"start":{"line":56,"column":2},"end":{"line":56,"column":null}},"19":{"start":{"line":57,"column":2},"end":{"line":57,"column":null}},"20":{"start":{"line":58,"column":2},"end":{"line":58,"column":null}},"21":{"start":{"line":62,"column":0},"end":{"line":62,"column":null}},"22":{"start":{"line":73,"column":2},"end":{"line":73,"column":null}},"23":{"start":{"line":74,"column":2},"end":{"line":74,"column":null}},"24":{"start":{"line":75,"column":2},"end":{"line":75,"column":null}},"25":{"start":{"line":76,"column":2},"end":{"line":76,"column":null}},"26":{"start":{"line":77,"column":2},"end":{"line":77,"column":null}},"27":{"start":{"line":81,"column":0},"end":{"line":81,"column":null}},"28":{"start":{"line":87,"column":2},"end":{"line":87,"column":null}},"29":{"start":{"line":88,"column":2},"end":{"line":88,"column":null}},"30":{"start":{"line":89,"column":2},"end":{"line":89,"column":null}},"31":{"start":{"line":90,"column":2},"end":{"line":90,"column":null}},"32":{"start":{"line":91,"column":2},"end":{"line":91,"column":53}}},"fnMap":{"0":{"name":"(anonymous_0)","decl":{"start":{"line":14,"column":2},"end":{"line":14,"column":23}},"loc":{"start":{"line":14,"column":2},"end":{"line":14,"column":null}}},"1":{"name":"(anonymous_1)","decl":{"start":{"line":15,"column":2},"end":{"line":15,"column":22}},"loc":{"start":{"line":15,"column":2},"end":{"line":15,"column":null}}},"2":{"name":"(anonymous_2)","decl":{"start":{"line":16,"column":2},"end":{"line":16,"column":27}},"loc":{"start":{"line":16,"column":2},"end":{"line":16,"column":null}}},"3":{"name":"(anonymous_3)","decl":{"start":{"line":17,"column":2},"end":{"line":17,"column":26}},"loc":{"start":{"line":17,"column":2},"end":{"line":17,"column":null}}},"4":{"name":"(anonymous_4)","decl":{"start":{"line":18,"column":2},"end":{"line":18,"column":24}},"loc":{"start":{"line":18,"column":2},"end":{"line":18,"column":null}}},"5":{"name":"(anonymous_5)","decl":{"start":{"line":28,"column":2},"end":{"line":28,"column":26}},"loc":{"start":{"line":28,"column":2},"end":{"line":28,"column":null}}},"6":{"name":"(anonymous_6)","decl":{"start":{"line":29,"column":2},"end":{"line":29,"column":23}},"loc":{"start":{"line":29,"column":2},"end":{"line":29,"column":null}}},"7":{"name":"(anonymous_7)","decl":{"start":{"line":30,"column":2},"end":{"line":30,"column":17}},"loc":{"start":{"line":30,"column":2},"end":{"line":30,"column":null}}},"8":{"name":"(anonymous_8)","decl":{"start":{"line":31,"column":2},"end":{"line":31,"column":21}},"loc":{"start":{"line":31,"column":2},"end":{"line":31,"column":null}}},"9":{"name":"(anonymous_9)","decl":{"start":{"line":50,"column":2},"end":{"line":50,"column":22}},"loc":{"start":{"line":50,"column":2},"end":{"line":50,"column":null}}},"10":{"name":"(anonymous_10)","decl":{"start":{"line":51,"column":2},"end":{"line":51,"column":20}},"loc":{"start":{"line":51,"column":2},"end":{"line":51,"column":null}}},"11":{"name":"(anonymous_11)","decl":{"start":{"line":52,"column":2},"end":{"line":52,"column":21}},"loc":{"start":{"line":52,"column":2},"end":{"line":52,"column":null}}},"12":{"name":"(anonymous_12)","decl":{"start":{"line":53,"column":2},"end":{"line":53,"column":22}},"loc":{"start":{"line":53,"column":2},"end":{"line":53,"column":null}}},"13":{"name":"(anonymous_13)","decl":{"start":{"line":54,"column":2},"end":{"line":54,"column":20}},"loc":{"start":{"line":54,"column":2},"end":{"line":54,"column":null}}},"14":{"name":"(anonymous_14)","decl":{"start":{"line":55,"column":2},"end":{"line":55,"column":21}},"loc":{"start":{"line":55,"column":2},"end":{"line":55,"column":null}}},"15":{"name":"(anonymous_15)","decl":{"start":{"line":56,"column":2},"end":{"line":56,"column":18}},"loc":{"start":{"line":56,"column":2},"end":{"line":56,"column":null}}},"16":{"name":"(anonymous_16)","decl":{"start":{"line":57,"column":2},"end":{"line":57,"column":18}},"loc":{"start":{"line":57,"column":2},"end":{"line":57,"column":null}}},"17":{"name":"(anonymous_17)","decl":{"start":{"line":58,"column":2},"end":{"line":58,"column":15}},"loc":{"start":{"line":58,"column":2},"end":{"line":58,"column":null}}},"18":{"name":"(anonymous_18)","decl":{"start":{"line":73,"column":2},"end":{"line":73,"column":20}},"loc":{"start":{"line":73,"column":2},"end":{"line":73,"column":null}}},"19":{"name":"(anonymous_19)","decl":{"start":{"line":74,"column":2},"end":{"line":74,"column":21}},"loc":{"start":{"line":74,"column":2},"end":{"line":74,"column":null}}},"20":{"name":"(anonymous_20)","decl":{"start":{"line":75,"column":2},"end":{"line":75,"column":14}},"loc":{"start":{"line":75,"column":2},"end":{"line":75,"column":null}}},"21":{"name":"(anonymous_21)","decl":{"start":{"line":76,"column":2},"end":{"line":76,"column":15}},"loc":{"start":{"line":76,"column":2},"end":{"line":76,"column":null}}},"22":{"name":"(anonymous_22)","decl":{"start":{"line":77,"column":2},"end":{"line":77,"column":15}},"loc":{"start":{"line":77,"column":2},"end":{"line":77,"column":null}}},"23":{"name":"(anonymous_23)","decl":{"start":{"line":87,"column":2},"end":{"line":87,"column":25}},"loc":{"start":{"line":87,"column":2},"end":{"line":87,"column":null}}},"24":{"name":"(anonymous_24)","decl":{"start":{"line":88,"column":2},"end":{"line":88,"column":28}},"loc":{"start":{"line":88,"column":2},"end":{"line":88,"column":null}}},"25":{"name":"(anonymous_25)","decl":{"start":{"line":89,"column":2},"end":{"line":89,"column":16}},"loc":{"start":{"line":89,"column":2},"end":{"line":89,"column":null}}},"26":{"name":"(anonymous_26)","decl":{"start":{"line":90,"column":2},"end":{"line":90,"column":17}},"loc":{"start":{"line":90,"column":2},"end":{"line":90,"column":null}}},"27":{"name":"(anonymous_27)","decl":{"start":{"line":91,"column":2},"end":{"line":91,"column":21}},"loc":{"start":{"line":91,"column":2},"end":{"line":91,"column":53}}}},"branchMap":{},"s":{"0":4,"1":8,"2":5,"3":6,"4":7,"5":4,"6":4,"7":8,"8":4,"9":6,"10":11,"11":4,"12":12,"13":4,"14":4,"15":9,"16":4,"17":6,"18":4,"19":8,"20":4,"21":4,"22":10,"23":9,"24":9,"25":10,"26":10,"27":4,"28":4,"29":7,"30":9,"31":8,"32":4},"f":{"0":4,"1":1,"2":2,"3":3,"4":0,"5":4,"6":0,"7":2,"8":7,"9":8,"10":0,"11":0,"12":5,"13":0,"14":2,"15":0,"16":4,"17":0,"18":6,"19":5,"20":5,"21":6,"22":6,"23":0,"24":3,"25":5,"26":4,"27":0},"b":{}}
,"/Users/jolly_app/projects/Trader-Note-Build-Ai/src/side-b/models/marketResearch.ts": {"path":"/Users/jolly_app/projects/Trader-Note-Build-Ai/src/side-b/models/marketResearch.ts","statementMap":{"0":{"start":{"line":96,"column":0},"end":{"line":96,"column":16}},"1":{"start":{"line":124,"column":0},"end":{"line":124,"column":16}},"2":{"start":{"line":131,"column":0},"end":{"line":131,"column":16}},"3":{"start":{"line":13,"column":0},"end":{"line":13,"column":74}},"4":{"start":{"line":97,"column":14},"end":{"line":97,"column":45}},"5":{"start":{"line":100,"column":2},"end":{"line":102,"column":3}},"6":{"start":{"line":101,"column":4},"end":{"line":101,"column":71}},"7":{"start":{"line":105,"column":24},"end":{"line":105,"column":64}},"8":{"start":{"line":107,"column":2},"end":{"line":109,"column":4}},"9":{"start":{"line":119,"column":13},"end":{"line":119,"column":39}},"10":{"start":{"line":125,"column":2},"end":{"line":125,"column":41}},"11":{"start":{"line":132,"column":17},"end":{"line":132,"column":27}},"12":{"start":{"line":133,"column":2},"end":{"line":133,"column":45}},"13":{"start":{"line":134,"column":2},"end":{"line":134,"column":16}}},"fnMap":{"0":{"name":"validateResearchAIOutput","decl":{"start":{"line":96,"column":16},"end":{"line":96,"column":40}},"loc":{"start":{"line":96,"column":54},"end":{"line":110,"column":1}}},"1":{"name":"isResearchValid","decl":{"start":{"line":124,"column":16},"end":{"line":124,"column":31}},"loc":{"start":{"line":124,"column":56},"end":{"line":126,"column":1}}},"2":{"name":"calculateExpiryDate","decl":{"start":{"line":131,"column":16},"end":{"line":131,"column":35}},"loc":{"start":{"line":131,"column":73},"end":{"line":135,"column":1}}}},"branchMap":{"0":{"loc":{"start":{"line":100,"column":2},"end":{"line":102,"column":3}},"type":"if","locations":[{"start":{"line":100,"column":2},"end":{"line":102,"column":3}}]},"1":{"loc":{"start":{"line":131,"column":36},"end":{"line":131,"column":73}},"type":"default-arg","locations":[{"start":{"line":131,"column":52},"end":{"line":131,"column":73}}]}},"s":{"0":4,"1":4,"2":4,"3":4,"4":4,"5":4,"6":1,"7":3,"8":3,"9":4,"10":2,"11":7,"12":7,"13":7},"f":{"0":4,"1":2,"2":7},"b":{"0":[1],"1":[1]}}
,"/Users/jolly_app/projects/Trader-Note-Build-Ai/src/side-b/models/tradePlan.ts": {"path":"/Users/jolly_app/projects/Trader-Note-Build-Ai/src/side-b/models/tradePlan.ts","statementMap":{"0":{"start":{"line":214,"column":0},"end":{"line":214,"column":16}},"1":{"start":{"line":267,"column":0},"end":{"line":267,"column":16}},"2":{"start":{"line":277,"column":0},"end":{"line":277,"column":16}},"3":{"start":{"line":287,"column":0},"end":{"line":287,"column":16}},"4":{"start":{"line":298,"column":0},"end":{"line":298,"column":16}},"5":{"start":{"line":310,"column":0},"end":{"line":310,"column":16}},"6":{"start":{"line":317,"column":0},"end":{"line":317,"column":16}},"7":{"start":{"line":324,"column":0},"end":{"line":324,"column":16}},"8":{"start":{"line":339,"column":0},"end":{"line":339,"column":16}},"9":{"start":{"line":207,"column":38},"end":{"line":209,"column":2}},"10":{"start":{"line":215,"column":14},"end":{"line":215,"column":45}},"11":{"start":{"line":218,"column":2},"end":{"line":220,"column":3}},"12":{"start":{"line":219,"column":4},"end":{"line":219,"column":65}},"13":{"start":{"line":222,"column":13},"end":{"line":222,"column":58}},"14":{"start":{"line":225,"column":2},"end":{"line":227,"column":3}},"15":{"start":{"line":226,"column":4},"end":{"line":226,"column":52}},"16":{"start":{"line":230,"column":20},"end":{"line":230,"column":46}},"17":{"start":{"line":231,"column":2},"end":{"line":233,"column":3}},"18":{"start":{"line":232,"column":4},"end":{"line":232,"column":53}},"19":{"start":{"line":236,"column":28},"end":{"line":236,"column":59}},"20":{"start":{"line":237,"column":2},"end":{"line":239,"column":3}},"21":{"start":{"line":238,"column":4},"end":{"line":238,"column":62}},"22":{"start":{"line":242,"column":2},"end":{"line":250,"column":3}},"23":{"start":{"line":243,"column":14},"end":{"line":243,"column":49}},"24":{"start":{"line":244,"column":4},"end":{"line":246,"column":5}},"25":{"start":{"line":245,"column":6},"end":{"line":245,"column":58}},"26":{"start":{"line":247,"column":4},"end":{"line":249,"column":5}},"27":{"start":{"line":248,"column":6},"end":{"line":248,"column":43}},"28":{"start":{"line":252,"column":2},"end":{"line":257,"column":4}},"29":{"start":{"line":268,"column":2},"end":{"line":268,"column":60}},"30":{"start":{"line":268,"column":34},"end":{"line":268,"column":58}},"31":{"start":{"line":281,"column":2},"end":{"line":281,"column":81}},"32":{"start":{"line":288,"column":2},"end":{"line":288,"column":39}},"33":{"start":{"line":288,"column":24},"end":{"line":288,"column":39}},"34":{"start":{"line":289,"column":2},"end":{"line":289,"column":36}},"35":{"start":{"line":289,"column":24},"end":{"line":289,"column":36}},"36":{"start":{"line":290,"column":2},"end":{"line":290,"column":37}},"37":{"start":{"line":290,"column":24},"end":{"line":290,"column":37}},"38":{"start":{"line":291,"column":2},"end":{"line":291,"column":36}},"39":{"start":{"line":291,"column":24},"end":{"line":291,"column":36}},"40":{"start":{"line":292,"column":2},"end":{"line":292,"column":17}},"41":{"start":{"line":299,"column":48},"end":{"line":303,"column":4}},"42":{"start":{"line":304,"column":2},"end":{"line":304,"column":23}},"43":{"start":{"line":311,"column":2},"end":{"line":311,"column":47}},"44":{"start":{"line":318,"column":2},"end":{"line":318,"column":44}},"45":{"start":{"line":325,"column":44},"end":{"line":332,"column":4}},"46":{"start":{"line":333,"column":2},"end":{"line":333,"column":21}},"47":{"start":{"line":340,"column":44},"end":{"line":347,"column":4}},"48":{"start":{"line":348,"column":2},"end":{"line":348,"column":21}}},"fnMap":{"0":{"name":"validatePlanAIOutput","decl":{"start":{"line":214,"column":16},"end":{"line":214,"column":36}},"loc":{"start":{"line":214,"column":50},"end":{"line":258,"column":1}}},"1":{"name":"getPrimaryScenario","decl":{"start":{"line":267,"column":16},"end":{"line":267,"column":34}},"loc":{"start":{"line":267,"column":52},"end":{"line":269,"column":1}}},"2":{"name":"(anonymous_2)","decl":{"start":{"line":268,"column":29},"end":{"line":268,"column":30}},"loc":{"start":{"line":268,"column":34},"end":{"line":268,"column":58}}},"3":{"name":"calculateRiskAmount","decl":{"start":{"line":277,"column":16},"end":{"line":277,"column":35}},"loc":{"start":{"line":279,"column":22},"end":{"line":282,"column":1}}},"4":{"name":"confidenceToJapanese","decl":{"start":{"line":287,"column":16},"end":{"line":287,"column":36}},"loc":{"start":{"line":287,"column":55},"end":{"line":293,"column":1}}},"5":{"name":"priorityToJapanese","decl":{"start":{"line":298,"column":16},"end":{"line":298,"column":34}},"loc":{"start":{"line":298,"column":61},"end":{"line":305,"column":1}}},"6":{"name":"directionToJapanese","decl":{"start":{"line":310,"column":16},"end":{"line":310,"column":35}},"loc":{"start":{"line":310,"column":63},"end":{"line":312,"column":1}}},"7":{"name":"directionToEmoji","decl":{"start":{"line":317,"column":16},"end":{"line":317,"column":32}},"loc":{"start":{"line":317,"column":60},"end":{"line":319,"column":1}}},"8":{"name":"regimeToJapanese","decl":{"start":{"line":324,"column":16},"end":{"line":324,"column":32}},"loc":{"start":{"line":324,"column":53},"end":{"line":334,"column":1}}},"9":{"name":"regimeToEmoji","decl":{"start":{"line":339,"column":16},"end":{"line":339,"column":29}},"loc":{"start":{"line":339,"column":50},"end":{"line":349,"column":1}}}},"branchMap":{"0":{"loc":{"start":{"line":218,"column":2},"end":{"line":220,"column":3}},"type":"if","locations":[{"start":{"line":218,"column":2},"end":{"line":220,"column":3}}]},"1":{"loc":{"start":{"line":218,"column":6},"end":{"line":218,"column":76}},"type":"binary-expr","locations":[{"start":{"line":218,"column":6},"end":{"line":218,"column":25}},{"start":{"line":218,"column":29},"end":{"line":218,"column":43}},{"start":{"line":218,"column":47},"end":{"line":218,"column":76}}]},"2":{"loc":{"start":{"line":225,"column":2},"end":{"line":227,"column":3}},"type":"if","locations":[{"start":{"line":225,"column":2},"end":{"line":227,"column":3}}]},"3":{"loc":{"start":{"line":231,"column":2},"end":{"line":233,"column":3}},"type":"if","locations":[{"start":{"line":231,"column":2},"end":{"line":233,"column":3}}]},"4":{"loc":{"start":{"line":231,"column":6},"end":{"line":231,"column":50}},"type":"binary-expr","locations":[{"start":{"line":231,"column":6},"end":{"line":231,"column":26}},{"start":{"line":231,"column":30},"end":{"line":231,"column":50}}]},"5":{"loc":{"start":{"line":237,"column":2},"end":{"line":239,"column":3}},"type":"if","locations":[{"start":{"line":237,"column":2},"end":{"line":239,"column":3}}]},"6":{"loc":{"start":{"line":237,"column":6},"end":{"line":237,"column":95}},"type":"binary-expr","locations":[{"start":{"line":237,"column":6},"end":{"line":237,"column":43}},{"start":{"line":237,"column":47},"end":{"line":237,"column":68}},{"start":{"line":237,"column":72},"end":{"line":237,"column":95}}]},"7":{"loc":{"start":{"line":244,"column":4},"end":{"line":246,"column":5}},"type":"if","locations":[{"start":{"line":244,"column":4},"end":{"line":246,"column":5}}]},"8":{"loc":{"start":{"line":244,"column":8},"end":{"line":244,"column":75}},"type":"binary-expr","locations":[{"start":{"line":244,"column":8},"end":{"line":244,"column":15}},{"start":{"line":244,"column":19},"end":{"line":244,"column":31}},{"start":{"line":244,"column":35},"end":{"line":244,"column":43}},{"start":{"line":244,"column":47},"end":{"line":244,"column":58}},{"start":{"line":244,"column":62},"end":{"line":244,"column":75}}]},"9":{"loc":{"start":{"line":247,"column":4},"end":{"line":249,"column":5}},"type":"if","locations":[{"start":{"line":247,"column":4},"end":{"line":249,"column":5}}]},"10":{"loc":{"start":{"line":247,"column":8},"end":{"line":247,"column":57}},"type":"binary-expr","locations":[{"start":{"line":247,"column":8},"end":{"line":247,"column":30}},{"start":{"line":247,"column":34},"end":{"line":247,"column":57}}]},"11":{"loc":{"start":{"line":256,"column":15},"end":{"line":256,"column":46}},"type":"binary-expr","locations":[{"start":{"line":256,"column":15},"end":{"line":256,"column":40}},{"start":{"line":256,"column":44},"end":{"line":256,"column":46}}]},"12":{"loc":{"start":{"line":288,"column":2},"end":{"line":288,"column":39}},"type":"if","locations":[{"start":{"line":288,"column":2},"end":{"line":288,"column":39}}]},"13":{"loc":{"start":{"line":289,"column":2},"end":{"line":289,"column":36}},"type":"if","locations":[{"start":{"line":289,"column":2},"end":{"line":289,"column":36}}]},"14":{"loc":{"start":{"line":290,"column":2},"end":{"line":290,"column":37}},"type":"if","locations":[{"start":{"line":290,"column":2},"end":{"line":290,"column":37}}]},"15":{"loc":{"start":{"line":291,"column":2},"end":{"line":291,"column":36}},"type":"if","locations":[{"start":{"line":291,"column":2},"end":{"line":291,"column":36}}]},"16":{"loc":{"start":{"line":311,"column":9},"end":{"line":311,"column":46}},"type":"cond-expr","locations":[{"start":{"line":311,"column":32},"end":{"line":311,"column":37}},{"start":{"line":311,"column":40},"end":{"line":311,"column":46}}]},"17":{"loc":{"start":{"line":318,"column":9},"end":{"line":318,"column":43}},"type":"cond-expr","locations":[{"start":{"line":318,"column":32},"end":{"line":318,"column":36}},{"start":{"line":318,"column":39},"end":{"line":318,"column":43}}]}},"s":{"0":4,"1":4,"2":4,"3":4,"4":4,"5":4,"6":4,"7":4,"8":4,"9":4,"10":8,"11":8,"12":0,"13":8,"14":8,"15":1,"16":7,"17":7,"18":2,"19":5,"20":5,"21":1,"22":4,"23":4,"24":4,"25":0,"26":4,"27":0,"28":4,"29":0,"30":0,"31":0,"32":5,"33":1,"34":4,"35":1,"36":3,"37":1,"38":2,"39":1,"40":1,"41":0,"42":0,"43":2,"44":0,"45":4,"46":4,"47":0,"48":0},"f":{"0":8,"1":0,"2":0,"3":0,"4":5,"5":0,"6":2,"7":0,"8":4,"9":0},"b":{"0":[0],"1":[8,8,8],"2":[1],"3":[2],"4":[7,6],"5":[1],"6":[5,5,5],"7":[0],"8":[4,4,4,4,4],"9":[0],"10":[4,0],"11":[4,0],"12":[1],"13":[1],"14":[1],"15":[1],"16":[1,1],"17":[0,0]}}
,"/Users/jolly_app/projects/Trader-Note-Build-Ai/src/side-b/models/virtualPortfolio.ts": {"path":"/Users/jolly_app/projects/Trader-Note-Build-Ai/src/side-b/models/virtualPortfolio.ts","statementMap":{"0":{"start":{"line":154,"column":0},"end":{"line":154,"column":16}},"1":{"start":{"line":210,"column":0},"end":{"line":210,"column":16}},"2":{"start":{"line":224,"column":0},"end":{"line":224,"column":16}},"3":{"start":{"line":48,"column":13},"end":{"line":62,"column":2}},"4":{"start":{"line":85,"column":13},"end":{"line":90,"column":2}},"5":{"start":{"line":158,"column":2},"end":{"line":164,"column":3}},"6":{"start":{"line":159,"column":4},"end":{"line":163,"column":6}},"7":{"start":{"line":166,"column":15},"end":{"line":166,"column":54}},"8":{"start":{"line":166,"column":40},"end":{"line":166,"column":53}},"9":{"start":{"line":167,"column":17},"end":{"line":167,"column":56}},"10":{"start":{"line":167,"column":42},"end":{"line":167,"column":55}},"11":{"start":{"line":169,"column":23},"end":{"line":169,"column":66}},"12":{"start":{"line":169,"column":47},"end":{"line":169,"column":62}},"13":{"start":{"line":170,"column":24},"end":{"line":170,"column":79}},"14":{"start":{"line":170,"column":59},"end":{"line":170,"column":74}},"15":{"start":{"line":172,"column":25},"end":{"line":172,"column":70}},"16":{"start":{"line":172,"column":49},"end":{"line":172,"column":66}},"17":{"start":{"line":173,"column":26},"end":{"line":173,"column":83}},"18":{"start":{"line":173,"column":61},"end":{"line":173,"column":78}},"19":{"start":{"line":176,"column":13},"end":{"line":176,"column":14}},"20":{"start":{"line":177,"column":20},"end":{"line":177,"column":21}},"21":{"start":{"line":178,"column":19},"end":{"line":178,"column":20}},"22":{"start":{"line":179,"column":2},"end":{"line":184,"column":3}},"23":{"start":{"line":180,"column":4},"end":{"line":180,"column":32}},"24":{"start":{"line":181,"column":4},"end":{"line":181,"column":45}},"25":{"start":{"line":181,"column":27},"end":{"line":181,"column":45}},"26":{"start":{"line":182,"column":21},"end":{"line":182,"column":38}},"27":{"start":{"line":183,"column":4},"end":{"line":183,"column":55}},"28":{"start":{"line":183,"column":32},"end":{"line":183,"column":55}},"29":{"start":{"line":186,"column":2},"end":{"line":200,"column":4}},"30":{"start":{"line":214,"column":2},"end":{"line":214,"column":54}},"31":{"start":{"line":228,"column":2},"end":{"line":228,"column":39}}},"fnMap":{"0":{"name":"calculateStats","decl":{"start":{"line":154,"column":16},"end":{"line":154,"column":30}},"loc":{"start":{"line":156,"column":19},"end":{"line":201,"column":1}}},"1":{"name":"(anonymous_1)","decl":{"start":{"line":166,"column":35},"end":{"line":166,"column":36}},"loc":{"start":{"line":166,"column":40},"end":{"line":166,"column":53}}},"2":{"name":"(anonymous_2)","decl":{"start":{"line":167,"column":37},"end":{"line":167,"column":38}},"loc":{"start":{"line":167,"column":42},"end":{"line":167,"column":55}}},"3":{"name":"(anonymous_3)","decl":{"start":{"line":169,"column":35},"end":{"line":169,"column":36}},"loc":{"start":{"line":169,"column":47},"end":{"line":169,"column":62}}},"4":{"name":"(anonymous_4)","decl":{"start":{"line":170,"column":47},"end":{"line":170,"column":48}},"loc":{"start":{"line":170,"column":59},"end":{"line":170,"column":74}}},"5":{"name":"(anonymous_5)","decl":{"start":{"line":172,"column":37},"end":{"line":172,"column":38}},"loc":{"start":{"line":172,"column":49},"end":{"line":172,"column":66}}},"6":{"name":"(anonymous_6)","decl":{"start":{"line":173,"column":49},"end":{"line":173,"column":50}},"loc":{"start":{"line":173,"column":61},"end":{"line":173,"column":78}}},"7":{"name":"canOpenNewTrade","decl":{"start":{"line":210,"column":16},"end":{"line":210,"column":31}},"loc":{"start":{"line":212,"column":26},"end":{"line":215,"column":1}}},"8":{"name":"calculateRiskAmount","decl":{"start":{"line":224,"column":16},"end":{"line":224,"column":35}},"loc":{"start":{"line":226,"column":21},"end":{"line":229,"column":1}}}},"branchMap":{"0":{"loc":{"start":{"line":158,"column":2},"end":{"line":164,"column":3}},"type":"if","locations":[{"start":{"line":158,"column":2},"end":{"line":164,"column":3}}]},"1":{"loc":{"start":{"line":181,"column":4},"end":{"line":181,"column":45}},"type":"if","locations":[{"start":{"line":181,"column":4},"end":{"line":181,"column":45}}]},"2":{"loc":{"start":{"line":183,"column":4},"end":{"line":183,"column":55}},"type":"if","locations":[{"start":{"line":183,"column":4},"end":{"line":183,"column":55}}]},"3":{"loc":{"start":{"line":191,"column":18},"end":{"line":191,"column":100}},"type":"cond-expr","locations":[{"start":{"line":191,"column":38},"end":{"line":191,"column":66}},{"start":{"line":191,"column":69},"end":{"line":191,"column":100}}]},"4":{"loc":{"start":{"line":191,"column":69},"end":{"line":191,"column":100}},"type":"cond-expr","locations":[{"start":{"line":191,"column":88},"end":{"line":191,"column":96}},{"start":{"line":191,"column":99},"end":{"line":191,"column":100}}]},"5":{"loc":{"start":{"line":194,"column":16},"end":{"line":194,"column":64}},"type":"cond-expr","locations":[{"start":{"line":194,"column":34},"end":{"line":194,"column":60}},{"start":{"line":194,"column":63},"end":{"line":194,"column":64}}]},"6":{"loc":{"start":{"line":195,"column":17},"end":{"line":195,"column":70}},"type":"cond-expr","locations":[{"start":{"line":195,"column":37},"end":{"line":195,"column":66}},{"start":{"line":195,"column":69},"end":{"line":195,"column":70}}]}},"s":{"0":4,"1":4,"2":4,"3":4,"4":4,"5":5,"6":1,"7":4,"8":10,"9":4,"10":10,"11":4,"12":5,"13":4,"14":5,"15":4,"16":5,"17":4,"18":5,"19":4,"20":4,"21":4,"22":4,"23":10,"24":10,"25":5,"26":10,"27":10,"28":5,"29":4,"30":4,"31":0},"f":{"0":5,"1":10,"2":10,"3":5,"4":5,"5":5,"6":5,"7":4,"8":0},"b":{"0":[1],"1":[5],"2":[5],"3":[4,0],"4":[0,0],"5":[3,1],"6":[4,0]}}
,"/Users/jolly_app/projects/Trader-Note-Build-Ai/src/side-b/models/virtualTrade.ts": {"path":"/Users/jolly_app/projects/Trader-Note-Build-Ai/src/side-b/models/virtualTrade.ts","statementMap":{"0":{"start":{"line":177,"column":0},"end":{"line":177,"column":16}},"1":{"start":{"line":204,"column":0},"end":{"line":204,"column":16}},"2":{"start":{"line":227,"column":0},"end":{"line":227,"column":16}},"3":{"start":{"line":249,"column":0},"end":{"line":249,"column":16}},"4":{"start":{"line":256,"column":0},"end":{"line":256,"column":16}},"5":{"start":{"line":183,"column":2},"end":{"line":191,"column":3}},"6":{"start":{"line":185,"column":4},"end":{"line":185,"column":53}},"7":{"start":{"line":185,"column":34},"end":{"line":185,"column":53}},"8":{"start":{"line":186,"column":4},"end":{"line":186,"column":57}},"9":{"start":{"line":186,"column":36},"end":{"line":186,"column":57}},"10":{"start":{"line":189,"column":4},"end":{"line":189,"column":53}},"11":{"start":{"line":189,"column":34},"end":{"line":189,"column":53}},"12":{"start":{"line":190,"column":4},"end":{"line":190,"column":57}},"13":{"start":{"line":190,"column":36},"end":{"line":190,"column":57}},"14":{"start":{"line":192,"column":2},"end":{"line":192,"column":14}},"15":{"start":{"line":211,"column":2},"end":{"line":215,"column":3}},"16":{"start":{"line":212,"column":4},"end":{"line":212,"column":52}},"17":{"start":{"line":214,"column":4},"end":{"line":214,"column":52}},"18":{"start":{"line":233,"column":20},"end":{"line":235,"column":28}},"19":{"start":{"line":237,"column":15},"end":{"line":237,"column":35}},"20":{"start":{"line":238,"column":21},"end":{"line":238,"column":51}},"21":{"start":{"line":240,"column":2},"end":{"line":243,"column":4}},"22":{"start":{"line":250,"column":2},"end":{"line":250,"column":51}},"23":{"start":{"line":257,"column":2},"end":{"line":257,"column":76}}},"fnMap":{"0":{"name":"checkExitCondition","decl":{"start":{"line":177,"column":16},"end":{"line":177,"column":34}},"loc":{"start":{"line":181,"column":20},"end":{"line":193,"column":1}}},"1":{"name":"checkEntryCondition","decl":{"start":{"line":204,"column":16},"end":{"line":204,"column":35}},"loc":{"start":{"line":208,"column":23},"end":{"line":216,"column":1}}},"2":{"name":"calculatePnL","decl":{"start":{"line":227,"column":16},"end":{"line":227,"column":28}},"loc":{"start":{"line":231,"column":24},"end":{"line":244,"column":1}}},"3":{"name":"isActiveTrade","decl":{"start":{"line":249,"column":16},"end":{"line":249,"column":29}},"loc":{"start":{"line":249,"column":56},"end":{"line":251,"column":1}}},"4":{"name":"isClosedTrade","decl":{"start":{"line":256,"column":16},"end":{"line":256,"column":29}},"loc":{"start":{"line":256,"column":56},"end":{"line":258,"column":1}}}},"branchMap":{"0":{"loc":{"start":{"line":183,"column":2},"end":{"line":191,"column":3}},"type":"if","locations":[{"start":{"line":183,"column":2},"end":{"line":191,"column":3}},{"start":{"line":187,"column":9},"end":{"line":191,"column":3}}]},"1":{"loc":{"start":{"line":185,"column":4},"end":{"line":185,"column":53}},"type":"if","locations":[{"start":{"line":185,"column":4},"end":{"line":185,"column":53}}]},"2":{"loc":{"start":{"line":186,"column":4},"end":{"line":186,"column":57}},"type":"if","locations":[{"start":{"line":186,"column":4},"end":{"line":186,"column":57}}]},"3":{"loc":{"start":{"line":189,"column":4},"end":{"line":189,"column":53}},"type":"if","locations":[{"start":{"line":189,"column":4},"end":{"line":189,"column":53}}]},"4":{"loc":{"start":{"line":190,"column":4},"end":{"line":190,"column":57}},"type":"if","locations":[{"start":{"line":190,"column":4},"end":{"line":190,"column":57}}]},"5":{"loc":{"start":{"line":208,"column":2},"end":{"line":208,"column":23}},"type":"default-arg","locations":[{"start":{"line":208,"column":22},"end":{"line":208,"column":23}}]},"6":{"loc":{"start":{"line":211,"column":2},"end":{"line":215,"column":3}},"type":"if","locations":[{"start":{"line":211,"column":2},"end":{"line":215,"column":3}},{"start":{"line":213,"column":9},"end":{"line":215,"column":3}}]},"7":{"loc":{"start":{"line":231,"column":2},"end":{"line":231,"column":24}},"type":"default-arg","locations":[{"start":{"line":231,"column":21},"end":{"line":231,"column":24}}]},"8":{"loc":{"start":{"line":233,"column":20},"end":{"line":235,"column":28}},"type":"cond-expr","locations":[{"start":{"line":234,"column":6},"end":{"line":234,"column":28}},{"start":{"line":235,"column":6},"end":{"line":235,"column":28}}]},"9":{"loc":{"start":{"line":250,"column":9},"end":{"line":250,"column":50}},"type":"binary-expr","locations":[{"start":{"line":250,"column":9},"end":{"line":250,"column":29}},{"start":{"line":250,"column":33},"end":{"line":250,"column":50}}]}},"s":{"0":4,"1":4,"2":4,"3":4,"4":4,"5":6,"6":3,"7":1,"8":2,"9":1,"10":3,"11":1,"12":2,"13":1,"14":2,"15":5,"16":3,"17":2,"18":5,"19":5,"20":5,"21":5,"22":6,"23":6},"f":{"0":6,"1":5,"2":5,"3":6,"4":6},"b":{"0":[3,3],"1":[1],"2":[1],"3":[1],"4":[1],"5":[4],"6":[3,2],"7":[4],"8":[3,2],"9":[6,5]}}
,"/Users/jolly_app/projects/Trader-Note-Build-Ai/src/side-b/services/planAIService.ts": {"path":"/Users/jolly_app/projects/Trader-Note-Build-Ai/src/side-b/services/planAIService.ts","statementMap":{"0":{"start":{"line":21,"column":0},"end":{"line":21,"column":38}},"1":{"start":{"line":22,"column":0},"end":{"line":22,"column":null}},"2":{"start":{"line":73,"column":4},"end":{"line":73,"column":47}},"3":{"start":{"line":74,"column":4},"end":{"line":74,"column":26}},"4":{"start":{"line":75,"column":4},"end":{"line":75,"column":68}},"5":{"start":{"line":82,"column":4},"end":{"line":85,"column":5}},"6":{"start":{"line":83,"column":6},"end":{"line":83,"column":60}},"7":{"start":{"line":84,"column":6},"end":{"line":84,"column":57}},"8":{"start":{"line":87,"column":4},"end":{"line":122,"column":5}},"9":{"start":{"line":88,"column":21},"end":{"line":88,"column":44}},"10":{"start":{"line":89,"column":21},"end":{"line":89,"column":46}},"11":{"start":{"line":92,"column":24},"end":{"line":92,"column":60}},"12":{"start":{"line":94,"column":6},"end":{"line":98,"column":8}},"13":{"start":{"line":100,"column":6},"end":{"line":100,"column":44}},"14":{"start":{"line":103,"column":6},"end":{"line":118,"column":7}},"15":{"start":{"line":103,"column":19},"end":{"line":103,"column":20}},"16":{"start":{"line":104,"column":8},"end":{"line":117,"column":9}},"17":{"start":{"line":105,"column":10},"end":{"line":105,"column":50}},"18":{"start":{"line":106,"column":25},"end":{"line":106,"column":48}},"19":{"start":{"line":107,"column":25},"end":{"line":107,"column":50}},"20":{"start":{"line":108,"column":28},"end":{"line":108,"column":64}},"21":{"start":{"line":110,"column":10},"end":{"line":114,"column":12}},"22":{"start":{"line":116,"column":10},"end":{"line":116,"column":66}},"23":{"start":{"line":121,"column":6},"end":{"line":121,"column":57}},"24":{"start":{"line":129,"column":54},"end":{"line":129,"column":59}},"25":{"start":{"line":130,"column":15},"end":{"line":130,"column":37}},"26":{"start":{"line":131,"column":21},"end":{"line":131,"column":43}},"27":{"start":{"line":133,"column":4},"end":{"line":240,"column":10}},"28":{"start":{"line":247,"column":21},"end":{"line":277,"column":6}},"29":{"start":{"line":279,"column":4},"end":{"line":282,"column":5}},"30":{"start":{"line":280,"column":24},"end":{"line":280,"column":45}},"31":{"start":{"line":281,"column":6},"end":{"line":281,"column":71}},"32":{"start":{"line":284,"column":17},"end":{"line":284,"column":null}},"33":{"start":{"line":290,"column":20},"end":{"line":290,"column":55}},"34":{"start":{"line":291,"column":4},"end":{"line":293,"column":5}},"35":{"start":{"line":292,"column":6},"end":{"line":292,"column":41}},"36":{"start":{"line":296,"column":19},"end":{"line":296,"column":38}},"37":{"start":{"line":298,"column":4},"end":{"line":302,"column":6}},"38":{"start":{"line":309,"column":41},"end":{"line":327,"column":6}},"39":{"start":{"line":329,"column":4},"end":{"line":333,"column":6}},"40":{"start":{"line":67,"column":0},"end":{"line":67,"column":13}},"41":{"start":{"line":338,"column":13},"end":{"line":338,"column":49}}},"fnMap":{"0":{"name":"(anonymous_0)","decl":{"start":{"line":72,"column":2},"end":{"line":72,"column":null}},"loc":{"start":{"line":72,"column":2},"end":{"line":76,"column":3}}},"1":{"name":"(anonymous_1)","decl":{"start":{"line":81,"column":2},"end":{"line":81,"column":7}},"loc":{"start":{"line":81,"column":39},"end":{"line":123,"column":3}}},"2":{"name":"(anonymous_2)","decl":{"start":{"line":128,"column":10},"end":{"line":128,"column":21}},"loc":{"start":{"line":128,"column":40},"end":{"line":241,"column":3}}},"3":{"name":"(anonymous_3)","decl":{"start":{"line":246,"column":10},"end":{"line":246,"column":15}},"loc":{"start":{"line":246,"column":37},"end":{"line":303,"column":3}}},"4":{"name":"(anonymous_4)","decl":{"start":{"line":308,"column":10},"end":{"line":308,"column":32}},"loc":{"start":{"line":308,"column":66},"end":{"line":334,"column":3}}}},"branchMap":{"0":{"loc":{"start":{"line":73,"column":18},"end":{"line":73,"column":46}},"type":"binary-expr","locations":[{"start":{"line":73,"column":18},"end":{"line":73,"column":40}},{"start":{"line":73,"column":44},"end":{"line":73,"column":46}}]},"1":{"loc":{"start":{"line":75,"column":19},"end":{"line":75,"column":67}},"type":"binary-expr","locations":[{"start":{"line":75,"column":19},"end":{"line":75,"column":36}},{"start":{"line":75,"column":40},"end":{"line":75,"column":67}}]},"2":{"loc":{"start":{"line":82,"column":4},"end":{"line":85,"column":5}},"type":"if","locations":[{"start":{"line":82,"column":4},"end":{"line":85,"column":5}}]},"3":{"loc":{"start":{"line":164,"column":2},"end":{"line":169,"column":13}},"type":"cond-expr","locations":[{"start":{"line":164,"column":13},"end":{"line":169,"column":2}},{"start":{"line":169,"column":4},"end":{"line":169,"column":13}}]},"4":{"loc":{"start":{"line":171,"column":2},"end":{"line":177,"column":6}},"type":"cond-expr","locations":[{"start":{"line":171,"column":20},"end":{"line":177,"column":2}},{"start":{"line":177,"column":4},"end":{"line":177,"column":6}}]},"5":{"loc":{"start":{"line":173,"column":10},"end":{"line":173,"column":52}},"type":"binary-expr","locations":[{"start":{"line":173,"column":10},"end":{"line":173,"column":44}},{"start":{"line":173,"column":48},"end":{"line":173,"column":52}}]},"6":{"loc":{"start":{"line":174,"column":11},"end":{"line":174,"column":48}},"type":"binary-expr","locations":[{"start":{"line":174,"column":11},"end":{"line":174,"column":38}},{"start":{"line":174,"column":42},"end":{"line":174,"column":48}}]},"7":{"loc":{"start":{"line":175,"column":10},"end":{"line":175,"column":48}},"type":"binary-expr","locations":[{"start":{"line":175,"column":10},"end":{"line":175,"column":39}},{"start":{"line":175,"column":43},"end":{"line":175,"column":48}}]},"8":{"loc":{"start":{"line":176,"column":10},"end":{"line":176,"column":54}},"type":"binary-expr","locations":[{"start":{"line":176,"column":10},"end":{"line":176,"column":38}},{"start":{"line":176,"column":42},"end":{"line":176,"column":54}}]},"9":{"loc":{"start":{"line":279,"column":4},"end":{"line":282,"column":5}},"type":"if","locations":[{"start":{"line":279,"column":4},"end":{"line":282,"column":5}}]},"10":{"loc":{"start":{"line":291,"column":4},"end":{"line":293,"column":5}},"type":"if","locations":[{"start":{"line":291,"column":4},"end":{"line":293,"column":5}}]},"11":{"loc":{"start":{"line":300,"column":18},"end":{"line":300,"column":47}},"type":"binary-expr","locations":[{"start":{"line":300,"column":18},"end":{"line":300,"column":42}},{"start":{"line":300,"column":46},"end":{"line":300,"column":47}}]},"12":{"loc":{"start":{"line":301,"column":13},"end":{"line":301,"column":37}},"type":"binary-expr","locations":[{"start":{"line":301,"column":13},"end":{"line":301,"column":23}},{"start":{"line":301,"column":27},"end":{"line":301,"column":37}}]}},"s":{"0":1,"1":1,"2":7,"3":7,"4":7,"5":5,"6":1,"7":1,"8":4,"9":4,"10":4,"11":3,"12":3,"13":1,"14":1,"15":1,"16":2,"17":2,"18":2,"19":2,"20":0,"21":0,"22":2,"23":1,"24":6,"25":6,"26":6,"27":6,"28":6,"29":3,"30":0,"31":0,"32":3,"33":3,"34":3,"35":0,"36":3,"37":3,"38":2,"39":2,"40":1,"41":1},"f":{"0":7,"1":5,"2":6,"3":6,"4":2},"b":{"0":[7,1],"1":[7,0],"2":[1],"3":[6,0],"4":[1,5],"5":[1,1],"6":[1,1],"7":[1,1],"8":[1,0],"9":[0],"10":[0],"11":[3,0],"12":[3,0]}}
,"/Users/jolly_app/projects/Trader-Note-Build-Ai/src/side-b/services/researchAIService.ts": {"path":"/Users/jolly_app/projects/Trader-Note-Build-Ai/src/side-b/services/researchAIService.ts","statementMap":{"0":{"start":{"line":14,"column":0},"end":{"line":14,"column":38}},"1":{"start":{"line":15,"column":0},"end":{"line":15,"column":null}},"2":{"start":{"line":86,"column":4},"end":{"line":86,"column":47}},"3":{"start":{"line":87,"column":4},"end":{"line":87,"column":31}},"4":{"start":{"line":88,"column":4},"end":{"line":88,"column":68}},"5":{"start":{"line":96,"column":26},"end":{"line":96,"column":67}},"6":{"start":{"line":98,"column":4},"end":{"line":101,"column":5}},"7":{"start":{"line":99,"column":6},"end":{"line":99,"column":64}},"8":{"start":{"line":100,"column":6},"end":{"line":100,"column":70}},"9":{"start":{"line":103,"column":4},"end":{"line":142,"column":5}},"10":{"start":{"line":104,"column":21},"end":{"line":104,"column":59}},"11":{"start":{"line":105,"column":21},"end":{"line":105,"column":46}},"12":{"start":{"line":108,"column":24},"end":{"line":108,"column":64}},"13":{"start":{"line":110,"column":6},"end":{"line":116,"column":8}},"14":{"start":{"line":118,"column":6},"end":{"line":118,"column":48}},"15":{"start":{"line":121,"column":6},"end":{"line":138,"column":7}},"16":{"start":{"line":121,"column":19},"end":{"line":121,"column":20}},"17":{"start":{"line":122,"column":8},"end":{"line":137,"column":9}},"18":{"start":{"line":123,"column":10},"end":{"line":123,"column":54}},"19":{"start":{"line":124,"column":25},"end":{"line":124,"column":63}},"20":{"start":{"line":125,"column":25},"end":{"line":125,"column":50}},"21":{"start":{"line":126,"column":28},"end":{"line":126,"column":68}},"22":{"start":{"line":128,"column":10},"end":{"line":134,"column":12}},"23":{"start":{"line":136,"column":10},"end":{"line":136,"column":70}},"24":{"start":{"line":141,"column":6},"end":{"line":141,"column":70}},"25":{"start":{"line":149,"column":23},"end":{"line":149,"column":44}},"26":{"start":{"line":150,"column":24},"end":{"line":150,"column":69}},"27":{"start":{"line":152,"column":18},"end":{"line":152,"column":45}},"28":{"start":{"line":152,"column":38},"end":{"line":152,"column":44}},"29":{"start":{"line":153,"column":17},"end":{"line":153,"column":43}},"30":{"start":{"line":153,"column":37},"end":{"line":153,"column":42}},"31":{"start":{"line":154,"column":19},"end":{"line":154,"column":47}},"32":{"start":{"line":154,"column":39},"end":{"line":154,"column":46}},"33":{"start":{"line":156,"column":4},"end":{"line":162,"column":6}},"34":{"start":{"line":169,"column":35},"end":{"line":169,"column":40}},"35":{"start":{"line":171,"column":4},"end":{"line":219,"column":42}},"36":{"start":{"line":226,"column":21},"end":{"line":253,"column":6}},"37":{"start":{"line":255,"column":4},"end":{"line":258,"column":5}},"38":{"start":{"line":256,"column":24},"end":{"line":256,"column":45}},"39":{"start":{"line":257,"column":6},"end":{"line":257,"column":71}},"40":{"start":{"line":260,"column":17},"end":{"line":260,"column":null}},"41":{"start":{"line":266,"column":20},"end":{"line":266,"column":55}},"42":{"start":{"line":267,"column":4},"end":{"line":269,"column":5}},"43":{"start":{"line":268,"column":6},"end":{"line":268,"column":41}},"44":{"start":{"line":272,"column":19},"end":{"line":272,"column":38}},"45":{"start":{"line":274,"column":4},"end":{"line":278,"column":6}},"46":{"start":{"line":286,"column":45},"end":{"line":301,"column":6}},"47":{"start":{"line":303,"column":4},"end":{"line":303,"column":58}},"48":{"start":{"line":305,"column":4},"end":{"line":311,"column":6}},"49":{"start":{"line":80,"column":0},"end":{"line":80,"column":13}},"50":{"start":{"line":316,"column":13},"end":{"line":316,"column":57}}},"fnMap":{"0":{"name":"(anonymous_0)","decl":{"start":{"line":85,"column":2},"end":{"line":85,"column":null}},"loc":{"start":{"line":85,"column":2},"end":{"line":89,"column":3}}},"1":{"name":"(anonymous_1)","decl":{"start":{"line":94,"column":2},"end":{"line":94,"column":7}},"loc":{"start":{"line":94,"column":47},"end":{"line":143,"column":3}}},"2":{"name":"(anonymous_2)","decl":{"start":{"line":148,"column":10},"end":{"line":148,"column":29}},"loc":{"start":{"line":148,"column":52},"end":{"line":163,"column":3}}},"3":{"name":"(anonymous_3)","decl":{"start":{"line":152,"column":33},"end":{"line":152,"column":34}},"loc":{"start":{"line":152,"column":38},"end":{"line":152,"column":44}}},"4":{"name":"(anonymous_4)","decl":{"start":{"line":153,"column":32},"end":{"line":153,"column":33}},"loc":{"start":{"line":153,"column":37},"end":{"line":153,"column":42}}},"5":{"name":"(anonymous_5)","decl":{"start":{"line":154,"column":34},"end":{"line":154,"column":35}},"loc":{"start":{"line":154,"column":39},"end":{"line":154,"column":46}}},"6":{"name":"(anonymous_6)","decl":{"start":{"line":168,"column":10},"end":{"line":168,"column":21}},"loc":{"start":{"line":168,"column":69},"end":{"line":220,"column":3}}},"7":{"name":"(anonymous_7)","decl":{"start":{"line":225,"column":10},"end":{"line":225,"column":15}},"loc":{"start":{"line":225,"column":37},"end":{"line":279,"column":3}}},"8":{"name":"(anonymous_8)","decl":{"start":{"line":284,"column":10},"end":{"line":284,"column":32}},"loc":{"start":{"line":284,"column":77},"end":{"line":312,"column":3}}}},"branchMap":{"0":{"loc":{"start":{"line":86,"column":18},"end":{"line":86,"column":46}},"type":"binary-expr","locations":[{"start":{"line":86,"column":18},"end":{"line":86,"column":40}},{"start":{"line":86,"column":44},"end":{"line":86,"column":46}}]},"1":{"loc":{"start":{"line":88,"column":19},"end":{"line":88,"column":67}},"type":"binary-expr","locations":[{"start":{"line":88,"column":19},"end":{"line":88,"column":36}},{"start":{"line":88,"column":40},"end":{"line":88,"column":67}}]},"2":{"loc":{"start":{"line":98,"column":4},"end":{"line":101,"column":5}},"type":"if","locations":[{"start":{"line":98,"column":4},"end":{"line":101,"column":5}}]},"3":{"loc":{"start":{"line":150,"column":24},"end":{"line":150,"column":69}},"type":"binary-expr","locations":[{"start":{"line":150,"column":24},"end":{"line":150,"column":64}},{"start":{"line":150,"column":68},"end":{"line":150,"column":69}}]},"4":{"loc":{"start":{"line":184,"column":2},"end":{"line":192,"column":29}},"type":"cond-expr","locations":[{"start":{"line":184,"column":15},"end":{"line":192,"column":2}},{"start":{"line":192,"column":4},"end":{"line":192,"column":29}}]},"5":{"loc":{"start":{"line":185,"column":9},"end":{"line":185,"column":32}},"type":"binary-expr","locations":[{"start":{"line":185,"column":9},"end":{"line":185,"column":23}},{"start":{"line":185,"column":27},"end":{"line":185,"column":32}}]},"6":{"loc":{"start":{"line":186,"column":10},"end":{"line":186,"column":96}},"type":"cond-expr","locations":[{"start":{"line":186,"column":28},"end":{"line":186,"column":88}},{"start":{"line":186,"column":91},"end":{"line":186,"column":96}}]},"7":{"loc":{"start":{"line":187,"column":11},"end":{"line":187,"column":36}},"type":"binary-expr","locations":[{"start":{"line":187,"column":11},"end":{"line":187,"column":27}},{"start":{"line":187,"column":31},"end":{"line":187,"column":36}}]},"8":{"loc":{"start":{"line":188,"column":11},"end":{"line":188,"column":36}},"type":"binary-expr","locations":[{"start":{"line":188,"column":11},"end":{"line":188,"column":27}},{"start":{"line":188,"column":31},"end":{"line":188,"column":36}}]},"9":{"loc":{"start":{"line":189,"column":12},"end":{"line":189,"column":38}},"type":"binary-expr","locations":[{"start":{"line":189,"column":12},"end":{"line":189,"column":29}},{"start":{"line":189,"column":33},"end":{"line":189,"column":38}}]},"10":{"loc":{"start":{"line":190,"column":9},"end":{"line":190,"column":32}},"type":"binary-expr","locations":[{"start":{"line":190,"column":9},"end":{"line":190,"column":23}},{"start":{"line":190,"column":27},"end":{"line":190,"column":32}}]},"11":{"loc":{"start":{"line":191,"column":9},"end":{"line":191,"column":36}},"type":"binary-expr","locations":[{"start":{"line":191,"column":9},"end":{"line":191,"column":27}},{"start":{"line":191,"column":31},"end":{"line":191,"column":36}}]},"12":{"loc":{"start":{"line":191,"column":46},"end":{"line":191,"column":73}},"type":"binary-expr","locations":[{"start":{"line":191,"column":46},"end":{"line":191,"column":64}},{"start":{"line":191,"column":68},"end":{"line":191,"column":73}}]},"13":{"loc":{"start":{"line":255,"column":4},"end":{"line":258,"column":5}},"type":"if","locations":[{"start":{"line":255,"column":4},"end":{"line":258,"column":5}}]},"14":{"loc":{"start":{"line":267,"column":4},"end":{"line":269,"column":5}},"type":"if","locations":[{"start":{"line":267,"column":4},"end":{"line":269,"column":5}}]},"15":{"loc":{"start":{"line":276,"column":18},"end":{"line":276,"column":47}},"type":"binary-expr","locations":[{"start":{"line":276,"column":18},"end":{"line":276,"column":42}},{"start":{"line":276,"column":46},"end":{"line":276,"column":47}}]},"16":{"loc":{"start":{"line":277,"column":13},"end":{"line":277,"column":37}},"type":"binary-expr","locations":[{"start":{"line":277,"column":13},"end":{"line":277,"column":23}},{"start":{"line":277,"column":27},"end":{"line":277,"column":37}}]}},"s":{"0":1,"1":1,"2":7,"3":7,"4":7,"5":5,"6":5,"7":1,"8":1,"9":4,"10":4,"11":4,"12":2,"13":2,"14":2,"15":2,"16":2,"17":4,"18":4,"19":4,"20":4,"21":0,"22":0,"23":4,"24":2,"25":5,"26":5,"27":5,"28":15,"29":5,"30":15,"31":5,"32":15,"33":5,"34":8,"35":8,"36":8,"37":5,"38":0,"39":0,"40":5,"41":5,"42":5,"43":0,"44":5,"45":2,"46":3,"47":3,"48":3,"49":1,"50":1},"f":{"0":7,"1":5,"2":5,"3":15,"4":15,"5":15,"6":8,"7":8,"8":3},"b":{"0":[7,1],"1":[7,0],"2":[1],"3":[5,0],"4":[0,8],"5":[0,0],"6":[0,0],"7":[0,0],"8":[0,0],"9":[0,0],"10":[0,0],"11":[0,0],"12":[0,0],"13":[0],"14":[0],"15":[2,0],"16":[2,0]}}
}
