TN:
SF:src/config/index.ts
FNF:0
FNH:0
DA:1,2
DA:3,2
DA:10,2
DA:11,2
DA:12,0
DA:15,2
LF:6
LH:5
BRDA:11,0,0,0
BRDA:18,1,0,2
BRDA:18,1,1,2
BRDA:18,1,2,0
BRDA:19,2,0,2
BRDA:19,2,1,0
BRDA:28,3,0,2
BRDA:28,3,1,0
BRDA:29,4,0,2
BRDA:29,4,1,0
BRDA:30,5,0,2
BRDA:30,5,1,2
BRDA:33,6,0,2
BRDA:33,6,1,0
BRDA:34,7,0,2
BRDA:34,7,1,0
BRDA:37,8,0,2
BRDA:37,8,1,0
BRDA:38,9,0,2
BRDA:38,9,1,0
BRDA:41,10,0,2
BRDA:41,10,1,2
BRDA:43,11,0,2
BRDA:43,11,1,2
BRDA:44,12,0,0
BRDA:44,12,1,2
BRF:26
BRH:16
end_of_record
TN:
SF:src/side-b/models/featureVector.ts
FN:58,isValidScore
FN:65,validateFeatureVector
FN:90,featureVectorToArray
FN:111,calculateCosineSimilarity
FN:140,createEmptyFeatureVector
FN:160,summarizeFeatureVector
FNF:6
FNH:5
FNDA:52,isValidScore
FNDA:7,validateFeatureVector
FNDA:5,featureVectorToArray
FNDA:2,calculateCosineSimilarity
FNDA:3,createEmptyFeatureVector
FNDA:0,summarizeFeatureVector
DA:59,52
DA:65,4
DA:66,7
DA:67,7
DA:74,7
DA:75,52
DA:76,3
DA:80,4
DA:90,4
DA:91,5
DA:111,4
DA:115,2
DA:116,2
DA:119,2
DA:120,2
DA:121,2
DA:123,2
DA:124,24
DA:125,24
DA:126,24
DA:130,2
DA:131,0
DA:134,2
DA:140,4
DA:141,3
DA:160,4
DA:161,0
DA:162,0
DA:163,0
DA:165,0
LF:30
LH:25
BRDA:59,0,0,52
BRDA:59,0,1,51
BRDA:59,0,2,50
BRDA:75,1,0,3
BRDA:130,2,0,0
BRDA:130,3,0,2
BRDA:130,3,1,2
BRDA:161,4,0,0
BRDA:161,4,1,0
BRDA:161,5,0,0
BRDA:161,5,1,0
BRDA:162,6,0,0
BRDA:162,6,1,0
BRDA:162,7,0,0
BRDA:162,7,1,0
BRDA:163,8,0,0
BRDA:163,8,1,0
BRDA:163,9,0,0
BRDA:163,9,1,0
BRF:19
BRH:6
end_of_record
TN:
SF:src/side-b/models/index.ts
FN:14,(anonymous_0)
FN:15,(anonymous_1)
FN:16,(anonymous_2)
FN:17,(anonymous_3)
FN:18,(anonymous_4)
FN:28,(anonymous_5)
FN:29,(anonymous_6)
FN:30,(anonymous_7)
FN:31,(anonymous_8)
FN:50,(anonymous_9)
FN:51,(anonymous_10)
FN:52,(anonymous_11)
FN:53,(anonymous_12)
FN:54,(anonymous_13)
FN:55,(anonymous_14)
FN:56,(anonymous_15)
FN:57,(anonymous_16)
FN:58,(anonymous_17)
FN:73,(anonymous_18)
FN:74,(anonymous_19)
FN:75,(anonymous_20)
FN:76,(anonymous_21)
FN:77,(anonymous_22)
FN:87,(anonymous_23)
FN:88,(anonymous_24)
FN:89,(anonymous_25)
FN:90,(anonymous_26)
FN:91,(anonymous_27)
FNF:28
FNH:19
FNDA:4,(anonymous_0)
FNDA:1,(anonymous_1)
FNDA:2,(anonymous_2)
FNDA:3,(anonymous_3)
FNDA:0,(anonymous_4)
FNDA:4,(anonymous_5)
FNDA:0,(anonymous_6)
FNDA:2,(anonymous_7)
FNDA:7,(anonymous_8)
FNDA:8,(anonymous_9)
FNDA:0,(anonymous_10)
FNDA:0,(anonymous_11)
FNDA:5,(anonymous_12)
FNDA:0,(anonymous_13)
FNDA:2,(anonymous_14)
FNDA:0,(anonymous_15)
FNDA:4,(anonymous_16)
FNDA:0,(anonymous_17)
FNDA:6,(anonymous_18)
FNDA:5,(anonymous_19)
FNDA:5,(anonymous_20)
FNDA:6,(anonymous_21)
FNDA:6,(anonymous_22)
FNDA:0,(anonymous_23)
FNDA:3,(anonymous_24)
FNDA:5,(anonymous_25)
FNDA:4,(anonymous_26)
FNDA:0,(anonymous_27)
DA:12,4
DA:14,8
DA:15,5
DA:16,6
DA:17,7
DA:18,4
DA:22,4
DA:28,8
DA:29,4
DA:30,6
DA:31,11
DA:35,4
DA:50,12
DA:51,4
DA:52,4
DA:53,9
DA:54,4
DA:55,6
DA:56,4
DA:57,8
DA:58,4
DA:62,4
DA:73,10
DA:74,9
DA:75,9
DA:76,10
DA:77,10
DA:81,4
DA:87,4
DA:88,7
DA:89,9
DA:90,8
DA:91,4
LF:33
LH:33
BRF:0
BRH:0
end_of_record
TN:
SF:src/side-b/models/marketResearch.ts
FN:96,validateResearchAIOutput
FN:124,isResearchValid
FN:131,calculateExpiryDate
FNF:3
FNH:3
FNDA:4,validateResearchAIOutput
FNDA:2,isResearchValid
FNDA:7,calculateExpiryDate
DA:13,4
DA:96,4
DA:97,4
DA:100,4
DA:101,1
DA:105,3
DA:107,3
DA:119,4
DA:124,4
DA:125,2
DA:131,4
DA:132,7
DA:133,7
DA:134,7
LF:14
LH:14
BRDA:100,0,0,1
BRDA:131,1,0,1
BRF:2
BRH:2
end_of_record
TN:
SF:src/side-b/models/tradePlan.ts
FN:214,validatePlanAIOutput
FN:267,getPrimaryScenario
FN:268,(anonymous_2)
FN:277,calculateRiskAmount
FN:287,confidenceToJapanese
FN:298,priorityToJapanese
FN:310,directionToJapanese
FN:317,directionToEmoji
FN:324,regimeToJapanese
FN:339,regimeToEmoji
FNF:10
FNH:4
FNDA:8,validatePlanAIOutput
FNDA:0,getPrimaryScenario
FNDA:0,(anonymous_2)
FNDA:0,calculateRiskAmount
FNDA:5,confidenceToJapanese
FNDA:0,priorityToJapanese
FNDA:2,directionToJapanese
FNDA:0,directionToEmoji
FNDA:4,regimeToJapanese
FNDA:0,regimeToEmoji
DA:207,4
DA:214,4
DA:215,8
DA:218,8
DA:219,0
DA:222,8
DA:225,8
DA:226,1
DA:230,7
DA:231,7
DA:232,2
DA:236,5
DA:237,5
DA:238,1
DA:242,4
DA:243,4
DA:244,4
DA:245,0
DA:247,4
DA:248,0
DA:252,4
DA:267,4
DA:268,0
DA:277,4
DA:281,0
DA:287,4
DA:288,5
DA:289,4
DA:290,3
DA:291,2
DA:292,1
DA:298,4
DA:299,0
DA:304,0
DA:310,4
DA:311,2
DA:317,4
DA:318,0
DA:324,4
DA:325,4
DA:333,4
DA:339,4
DA:340,0
DA:348,0
LF:44
LH:34
BRDA:218,0,0,0
BRDA:218,1,0,8
BRDA:218,1,1,8
BRDA:218,1,2,8
BRDA:225,2,0,1
BRDA:231,3,0,2
BRDA:231,4,0,7
BRDA:231,4,1,6
BRDA:237,5,0,1
BRDA:237,6,0,5
BRDA:237,6,1,5
BRDA:237,6,2,5
BRDA:244,7,0,0
BRDA:244,8,0,4
BRDA:244,8,1,4
BRDA:244,8,2,4
BRDA:244,8,3,4
BRDA:244,8,4,4
BRDA:247,9,0,0
BRDA:247,10,0,4
BRDA:247,10,1,0
BRDA:256,11,0,4
BRDA:256,11,1,0
BRDA:288,12,0,1
BRDA:289,13,0,1
BRDA:290,14,0,1
BRDA:291,15,0,1
BRDA:311,16,0,1
BRDA:311,16,1,1
BRDA:318,17,0,0
BRDA:318,17,1,0
BRF:31
BRH:24
end_of_record
TN:
SF:src/side-b/models/virtualPortfolio.ts
FN:154,calculateStats
FN:166,(anonymous_1)
FN:167,(anonymous_2)
FN:169,(anonymous_3)
FN:170,(anonymous_4)
FN:172,(anonymous_5)
FN:173,(anonymous_6)
FN:210,canOpenNewTrade
FN:224,calculateRiskAmount
FNF:9
FNH:8
FNDA:5,calculateStats
FNDA:10,(anonymous_1)
FNDA:10,(anonymous_2)
FNDA:5,(anonymous_3)
FNDA:5,(anonymous_4)
FNDA:5,(anonymous_5)
FNDA:5,(anonymous_6)
FNDA:4,canOpenNewTrade
FNDA:0,calculateRiskAmount
DA:48,4
DA:85,4
DA:154,4
DA:158,5
DA:159,1
DA:166,10
DA:167,10
DA:169,5
DA:170,5
DA:172,5
DA:173,5
DA:176,4
DA:177,4
DA:178,4
DA:179,4
DA:180,10
DA:181,10
DA:182,10
DA:183,10
DA:186,4
DA:210,4
DA:214,4
DA:224,4
DA:228,0
LF:24
LH:23
BRDA:158,0,0,1
BRDA:181,1,0,5
BRDA:183,2,0,5
BRDA:191,3,0,4
BRDA:191,3,1,0
BRDA:191,4,0,0
BRDA:191,4,1,0
BRDA:194,5,0,3
BRDA:194,5,1,1
BRDA:195,6,0,4
BRDA:195,6,1,0
BRF:11
BRH:7
end_of_record
TN:
SF:src/side-b/models/virtualTrade.ts
FN:177,checkExitCondition
FN:204,checkEntryCondition
FN:227,calculatePnL
FN:249,isActiveTrade
FN:256,isClosedTrade
FNF:5
FNH:5
FNDA:6,checkExitCondition
FNDA:5,checkEntryCondition
FNDA:5,calculatePnL
FNDA:6,isActiveTrade
FNDA:6,isClosedTrade
DA:177,4
DA:183,6
DA:185,3
DA:186,2
DA:189,3
DA:190,2
DA:192,2
DA:204,4
DA:211,5
DA:212,3
DA:214,2
DA:227,4
DA:233,5
DA:237,5
DA:238,5
DA:240,5
DA:249,4
DA:250,6
DA:256,4
DA:257,6
LF:20
LH:20
BRDA:183,0,0,3
BRDA:183,0,1,3
BRDA:185,1,0,1
BRDA:186,2,0,1
BRDA:189,3,0,1
BRDA:190,4,0,1
BRDA:208,5,0,4
BRDA:211,6,0,3
BRDA:211,6,1,2
BRDA:231,7,0,4
BRDA:233,8,0,3
BRDA:233,8,1,2
BRDA:250,9,0,6
BRDA:250,9,1,5
BRF:14
BRH:14
end_of_record
TN:
SF:src/side-b/services/planAIService.ts
FN:72,(anonymous_0)
FN:81,(anonymous_1)
FN:128,(anonymous_2)
FN:246,(anonymous_3)
FN:308,(anonymous_4)
FNF:5
FNH:5
FNDA:7,(anonymous_0)
FNDA:5,(anonymous_1)
FNDA:6,(anonymous_2)
FNDA:6,(anonymous_3)
FNDA:2,(anonymous_4)
DA:21,1
DA:22,1
DA:67,1
DA:73,7
DA:74,7
DA:75,7
DA:82,5
DA:83,1
DA:84,1
DA:87,4
DA:88,4
DA:89,4
DA:92,3
DA:94,3
DA:100,1
DA:103,1
DA:104,2
DA:105,2
DA:106,2
DA:107,2
DA:108,0
DA:110,0
DA:116,2
DA:121,1
DA:129,6
DA:130,6
DA:131,6
DA:133,6
DA:247,6
DA:279,3
DA:280,0
DA:281,0
DA:284,3
DA:290,3
DA:291,3
DA:292,0
DA:296,3
DA:298,3
DA:309,2
DA:329,2
DA:338,1
LF:41
LH:36
BRDA:73,0,0,7
BRDA:73,0,1,1
BRDA:75,1,0,7
BRDA:75,1,1,0
BRDA:82,2,0,1
BRDA:164,3,0,6
BRDA:164,3,1,0
BRDA:171,4,0,1
BRDA:171,4,1,5
BRDA:173,5,0,1
BRDA:173,5,1,1
BRDA:174,6,0,1
BRDA:174,6,1,1
BRDA:175,7,0,1
BRDA:175,7,1,1
BRDA:176,8,0,1
BRDA:176,8,1,0
BRDA:279,9,0,0
BRDA:291,10,0,0
BRDA:300,11,0,3
BRDA:300,11,1,0
BRDA:301,12,0,3
BRDA:301,12,1,0
BRF:23
BRH:16
end_of_record
TN:
SF:src/side-b/services/researchAIService.ts
FN:85,(anonymous_0)
FN:94,(anonymous_1)
FN:148,(anonymous_2)
FN:152,(anonymous_3)
FN:153,(anonymous_4)
FN:154,(anonymous_5)
FN:168,(anonymous_6)
FN:225,(anonymous_7)
FN:284,(anonymous_8)
FNF:9
FNH:9
FNDA:7,(anonymous_0)
FNDA:5,(anonymous_1)
FNDA:5,(anonymous_2)
FNDA:15,(anonymous_3)
FNDA:15,(anonymous_4)
FNDA:15,(anonymous_5)
FNDA:8,(anonymous_6)
FNDA:8,(anonymous_7)
FNDA:3,(anonymous_8)
DA:14,1
DA:15,1
DA:80,1
DA:86,7
DA:87,7
DA:88,7
DA:96,5
DA:98,5
DA:99,1
DA:100,1
DA:103,4
DA:104,4
DA:105,4
DA:108,2
DA:110,2
DA:118,2
DA:121,2
DA:122,4
DA:123,4
DA:124,4
DA:125,4
DA:126,0
DA:128,0
DA:136,4
DA:141,2
DA:149,5
DA:150,5
DA:152,15
DA:153,15
DA:154,15
DA:156,5
DA:169,8
DA:171,8
DA:226,8
DA:255,5
DA:256,0
DA:257,0
DA:260,5
DA:266,5
DA:267,5
DA:268,0
DA:272,5
DA:274,2
DA:286,3
DA:303,3
DA:305,3
DA:316,1
LF:47
LH:42
BRDA:86,0,0,7
BRDA:86,0,1,1
BRDA:88,1,0,7
BRDA:88,1,1,0
BRDA:98,2,0,1
BRDA:150,3,0,5
BRDA:150,3,1,0
BRDA:184,4,0,0
BRDA:184,4,1,8
BRDA:185,5,0,0
BRDA:185,5,1,0
BRDA:186,6,0,0
BRDA:186,6,1,0
BRDA:187,7,0,0
BRDA:187,7,1,0
BRDA:188,8,0,0
BRDA:188,8,1,0
BRDA:189,9,0,0
BRDA:189,9,1,0
BRDA:190,10,0,0
BRDA:190,10,1,0
BRDA:191,11,0,0
BRDA:191,11,1,0
BRDA:191,12,0,0
BRDA:191,12,1,0
BRDA:255,13,0,0
BRDA:267,14,0,0
BRDA:276,15,0,2
BRDA:276,15,1,0
BRDA:277,16,0,2
BRDA:277,16,1,0
BRF:31
BRH:8
end_of_record
